Waf: Entering directory `/Users/pedro.cumino/Documents/PhD_GDrive/TeamUp 5G/WPs/WP7/dissemination_video/ns3/build'
[   1/2543] Compiling install-ns3-header: ns3/antenna-model.h
[   2/2543] Compiling install-ns3-header: ns3/isotropic-antenna-model.h
[   3/2543] Compiling install-ns3-header: ns3/three-gpp-antenna-array-model.h
[   4/2543] Compiling install-ns3-header: ns3/cosine-antenna-model.h
[   5/2543] Compiling install-ns3-header: ns3/parabolic-antenna-model.h
[   6/2543] Compiling install-ns3-header: ns3/angles.h
[   7/2543] Compiling install-ns3-header: ns3/aodv-dpd.h
[   8/2543] Compiling install-ns3-header: ns3/aodv-packet.h
[   9/2543] Compiling install-ns3-header: ns3/aodv-neighbor.h
[  10/2543] Compiling install-ns3-header: ns3/aodv-rqueue.h
[  11/2543] Compiling install-ns3-header: ns3/aodv-routing-protocol.h
[  12/2543] Compiling install-ns3-header: ns3/aodv-rtable.h
[  13/2543] Compiling install-ns3-header: ns3/aodv-helper.h
[  14/2543] Compiling install-ns3-header: ns3/aodv-id-cache.h
[  15/2543] Compiling install-ns3-header: ns3/packet-sink.h
[  16/2543] Compiling install-ns3-header: ns3/three-gpp-http-client.h
[  17/2543] Compiling install-ns3-header: ns3/three-gpp-http-helper.h
[  18/2543] Compiling install-ns3-header: ns3/onoff-application.h
[  19/2543] Compiling install-ns3-header: ns3/packet-loss-counter.h
[  20/2543] Compiling install-ns3-header: ns3/udp-client-server-helper.h
[  21/2543] Compiling install-ns3-header: ns3/three-gpp-http-variables.h
[  22/2543] Compiling install-ns3-header: ns3/bulk-send-helper.h
[  23/2543] Compiling install-ns3-header: ns3/udp-trace-client.h
[  24/2543] Compiling install-ns3-header: ns3/seq-ts-header.h
[  25/2543] Compiling install-ns3-header: ns3/udp-echo-helper.h
[  26/2543] Compiling install-ns3-header: ns3/three-gpp-http-server.h
[  27/2543] Compiling install-ns3-header: ns3/seq-ts-echo-header.h
[  28/2543] Compiling install-ns3-header: ns3/udp-server.h
[  29/2543] Compiling install-ns3-header: ns3/seq-ts-size-header.h
[  30/2543] Compiling install-ns3-header: ns3/application-packet-probe.h
[  31/2543] Compiling install-ns3-header: ns3/on-off-helper.h
[  32/2543] Compiling install-ns3-header: ns3/packet-sink-helper.h
[  33/2543] Compiling install-ns3-header: ns3/udp-client.h
[  34/2543] Compiling install-ns3-header: ns3/udp-echo-client.h
[  35/2543] Compiling install-ns3-header: ns3/udp-echo-server.h
[  36/2543] Compiling install-ns3-header: ns3/three-gpp-http-header.h
[  37/2543] Compiling install-ns3-header: ns3/bulk-send-application.h
[  38/2543] Compiling install-ns3-header: ns3/bridge-helper.h
[  39/2543] Compiling install-ns3-header: ns3/bridge-net-device.h
[  40/2543] Compiling install-ns3-header: ns3/bridge-channel.h
[  41/2543] Compiling install-ns3-header: ns3/building-position-allocator.h
[  42/2543] Compiling install-ns3-header: ns3/buildings-channel-condition-model.h
[  43/2543] Compiling install-ns3-header: ns3/itu-r-1238-propagation-loss-model.h
[  44/2543] Compiling install-ns3-header: ns3/three-gpp-v2v-channel-condition-model.h
[  45/2543] Compiling install-ns3-header: ns3/building-container.h
[  46/2543] Compiling install-ns3-header: ns3/oh-buildings-propagation-loss-model.h
[  47/2543] Compiling install-ns3-header: ns3/building.h
[  48/2543] Compiling install-ns3-header: ns3/mobility-building-info.h
[  49/2543] Compiling install-ns3-header: ns3/buildings-propagation-loss-model.h
[  50/2543] Compiling install-ns3-header: ns3/hybrid-buildings-propagation-loss-model.h
[  51/2543] Compiling install-ns3-header: ns3/building-list.h
[  52/2543] Compiling install-ns3-header: ns3/random-walk-2d-outdoor-mobility-model.h
[  53/2543] Compiling install-ns3-header: ns3/building-allocator.h
[  54/2543] Compiling install-ns3-header: ns3/buildings-helper.h
[  55/2543] Compiling install-ns3-header: ns3/gtk-config-store.h
[  56/2543] Compiling install-ns3-header: ns3/config-store.h
[  57/2543] Compiling install-ns3-header: ns3/file-config.h
[  58/2543] Compiling install-ns3-header: ns3/system-thread.h
[  59/2543] Compiling install-ns3-header: ns3/build-profile.h
[  60/2543] Compiling install-ns3-header: ns3/trace-source-accessor.h
[  61/2543] Compiling install-ns3-header: ns3/map-scheduler.h
[  62/2543] Compiling install-ns3-header: ns3/random-variable-stream-helper.h
[  63/2543] Compiling install-ns3-header: ns3/attribute-construction-list.h
[  64/2543] Compiling install-ns3-header: ns3/priority-queue-scheduler.h
[  65/2543] Compiling install-ns3-header: ns3/breakpoint.h
[  66/2543] Compiling install-ns3-header: ns3/names.h
[  67/2543] Compiling install-ns3-header: ns3/ptr.h
[  68/2543] Compiling install-ns3-header: ns3/example-as-test.h
[  69/2543] Compiling install-ns3-header: ns3/default-deleter.h
[  70/2543] Compiling install-ns3-header: ns3/rng-seed-manager.h
[  71/2543] Compiling install-ns3-header: ns3/system-wall-clock-ms.h
[  72/2543] Compiling install-ns3-header: ns3/unused.h
[  73/2543] Compiling install-ns3-header: ns3/hash-function.h
[  74/2543] Compiling install-ns3-header: ns3/fatal-impl.h
[  75/2543] Compiling install-ns3-header: ns3/unix-fd-reader.h
[  76/2543] Compiling install-ns3-header: ns3/synchronizer.h
[  77/2543] Compiling install-ns3-header: ns3/enum.h
[  78/2543] Compiling install-ns3-header: ns3/object-base.h
[  79/2543] Compiling install-ns3-header: ns3/simulator-impl.h
[  80/2543] Compiling install-ns3-header: ns3/pair.h
[  81/2543] Compiling install-ns3-header: ns3/system-wall-clock-timestamp.h
[  82/2543] Compiling install-ns3-header: ns3/rng-stream.h
[  83/2543] Compiling install-ns3-header: ns3/length.h
[  84/2543] Compiling install-ns3-header: ns3/valgrind.h
[  85/2543] Compiling install-ns3-header: ns3/hash.h
[  86/2543] Compiling install-ns3-header: ns3/attribute-container-accessor-helper.h
[  87/2543] Compiling install-ns3-header: ns3/timer.h
[  88/2543] Compiling install-ns3-header: ns3/object-vector.h
[  89/2543] Compiling install-ns3-header: ns3/show-progress.h
[  90/2543] Compiling install-ns3-header: ns3/empty.h
[  91/2543] Compiling install-ns3-header: ns3/deprecated.h
[  92/2543] Compiling install-ns3-header: ns3/double.h
[  93/2543] Compiling install-ns3-header: ns3/global-value.h
[  94/2543] Compiling install-ns3-header: ns3/traced-callback.h
[  95/2543] Compiling install-ns3-header: ns3/object.h
[  96/2543] Compiling install-ns3-header: ns3/event-garbage-collector.h
[  97/2543] Compiling install-ns3-header: ns3/fatal-error.h
[  98/2543] Compiling install-ns3-header: ns3/object-factory.h
[  99/2543] Compiling install-ns3-header: ns3/int64x64.h
[ 100/2543] Compiling install-ns3-header: ns3/callback.h
[ 101/2543] Compiling install-ns3-header: ns3/trickle-timer.h
[ 102/2543] Compiling install-ns3-header: ns3/ascii-file.h
[ 103/2543] Compiling install-ns3-header: ns3/math.h
[ 104/2543] Compiling install-ns3-header: ns3/int-to-type.h
[ 105/2543] Compiling install-ns3-header: ns3/command-line.h
[ 106/2543] Compiling install-ns3-header: ns3/object-map.h
[ 107/2543] Compiling install-ns3-header: ns3/traced-value.h
[ 108/2543] Compiling install-ns3-header: ns3/random-variable-stream.h
[ 109/2543] Compiling install-ns3-header: ns3/log.h
[ 110/2543] Compiling install-ns3-header: ns3/simulator.h
[ 111/2543] Compiling install-ns3-header: ns3/hash-fnv.h
[ 112/2543] Compiling install-ns3-header: ns3/timer-impl.h
[ 113/2543] Compiling install-ns3-header: ns3/default-simulator-impl.h
[ 114/2543] Compiling install-ns3-header: ns3/nstime.h
[ 115/2543] Compiling install-ns3-header: ns3/string.h
[ 116/2543] Compiling install-ns3-header: ns3/heap-scheduler.h
[ 117/2543] Compiling install-ns3-header: ns3/type-name.h
[ 118/2543] Compiling install-ns3-header: ns3/csv-reader.h
[ 119/2543] Compiling install-ns3-header: ns3/system-condition.h
[ 120/2543] Compiling install-ns3-header: ns3/ref-count-base.h
[ 121/2543] Compiling install-ns3-header: ns3/integer.h
[ 122/2543] Compiling install-ns3-header: ns3/watchdog.h
[ 123/2543] Compiling install-ns3-header: ns3/singleton.h
[ 124/2543] Compiling install-ns3-header: ns3/pointer.h
[ 125/2543] Compiling install-ns3-header: ns3/object-ptr-container.h
[ 126/2543] Compiling install-ns3-header: ns3/scheduler.h
[ 127/2543] Compiling install-ns3-header: ns3/calendar-scheduler.h
[ 128/2543] Compiling install-ns3-header: ns3/time-printer.h
[ 129/2543] Compiling install-ns3-header: ns3/list-scheduler.h
[ 130/2543] Compiling install-ns3-header: ns3/des-metrics.h
[ 131/2543] Compiling install-ns3-header: ns3/type-id.h
[ 132/2543] Compiling install-ns3-header: ns3/log-macros-enabled.h
[ 133/2543] Compiling install-ns3-header: ns3/simulation-singleton.h
[ 134/2543] Compiling install-ns3-header: ns3/attribute.h
[ 135/2543] Compiling install-ns3-header: ns3/attribute-helper.h
[ 136/2543] Compiling install-ns3-header: ns3/vector.h
[ 137/2543] Compiling install-ns3-header: ns3/attribute-container.h
[ 138/2543] Compiling install-ns3-header: ns3/attribute-accessor-helper.h
[ 139/2543] Compiling install-ns3-header: ns3/int64x64-double.h
[ 140/2543] Compiling install-ns3-header: ns3/type-traits.h
[ 141/2543] Compiling install-ns3-header: ns3/make-event.h
[ 142/2543] Compiling install-ns3-header: ns3/uinteger.h
[ 143/2543] Compiling install-ns3-header: ns3/log-macros-disabled.h
[ 144/2543] Compiling install-ns3-header: ns3/ascii-test.h
[ 145/2543] Compiling install-ns3-header: ns3/hash-murmur3.h
[ 146/2543] Compiling install-ns3-header: ns3/node-printer.h
[ 147/2543] Compiling install-ns3-header: ns3/simple-ref-count.h
[ 148/2543] Compiling install-ns3-header: ns3/abort.h
[ 149/2543] Compiling install-ns3-header: ns3/int64x64-128.h
[ 150/2543] Compiling install-ns3-header: ns3/config.h
[ 151/2543] Compiling install-ns3-header: ns3/test.h
[ 152/2543] Compiling install-ns3-header: ns3/event-impl.h
[ 153/2543] Compiling install-ns3-header: ns3/system-path.h
[ 154/2543] Compiling install-ns3-header: ns3/event-id.h
[ 155/2543] Compiling install-ns3-header: ns3/boolean.h
[ 156/2543] Compiling install-ns3-header: ns3/assert.h
[ 157/2543] Compiling install-ns3-header: ns3/non-copyable.h
[ 158/2543] Compiling install-ns3-header: ns3/system-mutex.h
[ 159/2543] Compiling install-ns3-header: ns3/csma-net-device.h
[ 160/2543] Compiling install-ns3-header: ns3/csma-channel.h
[ 161/2543] Compiling install-ns3-header: ns3/backoff.h
[ 162/2543] Compiling install-ns3-header: ns3/csma-helper.h
[ 163/2543] Compiling install-ns3-header: ns3/csma-star-helper.h
[ 164/2543] Compiling install-ns3-header: ns3/dsdv-packet-queue.h
[ 165/2543] Compiling install-ns3-header: ns3/dsdv-rtable.h
[ 166/2543] Compiling install-ns3-header: ns3/dsdv-routing-protocol.h
[ 167/2543] Compiling install-ns3-header: ns3/dsdv-helper.h
[ 168/2543] Compiling install-ns3-header: ns3/dsdv-packet.h
[ 169/2543] Compiling install-ns3-header: ns3/dsr-routing.h
[ 170/2543] Compiling install-ns3-header: ns3/dsr-helper.h
[ 171/2543] Compiling install-ns3-header: ns3/dsr-gratuitous-reply-table.h
[ 172/2543] Compiling install-ns3-header: ns3/dsr-fs-header.h
[ 173/2543] Compiling install-ns3-header: ns3/dsr-passive-buff.h
[ 174/2543] Compiling install-ns3-header: ns3/dsr-rsendbuff.h
[ 175/2543] Compiling install-ns3-header: ns3/dsr-option-header.h
[ 176/2543] Compiling install-ns3-header: ns3/dsr-maintain-buff.h
[ 177/2543] Compiling install-ns3-header: ns3/dsr-main-helper.h
[ 178/2543] Compiling install-ns3-header: ns3/dsr-options.h
[ 179/2543] Compiling install-ns3-header: ns3/dsr-rcache.h
[ 180/2543] Compiling install-ns3-header: ns3/dsr-errorbuff.h
[ 181/2543] Compiling install-ns3-header: ns3/dsr-network-queue.h
[ 182/2543] Compiling install-ns3-header: ns3/dsr-rreq-table.h
[ 183/2543] Compiling install-ns3-header: ns3/energy-harvester-container.h
[ 184/2543] Compiling install-ns3-header: ns3/energy-source.h
[ 185/2543] Compiling install-ns3-header: ns3/energy-harvester.h
[ 186/2543] Compiling install-ns3-header: ns3/simple-device-energy-model.h
[ 187/2543] Compiling install-ns3-header: ns3/basic-energy-harvester-helper.h
[ 188/2543] Compiling install-ns3-header: ns3/energy-model-helper.h
[ 189/2543] Compiling install-ns3-header: ns3/li-ion-energy-source.h
[ 190/2543] Compiling install-ns3-header: ns3/rv-battery-model.h
[ 191/2543] Compiling install-ns3-header: ns3/li-ion-energy-source-helper.h
[ 192/2543] Compiling install-ns3-header: ns3/basic-energy-source-helper.h
[ 193/2543] Compiling install-ns3-header: ns3/energy-harvester-helper.h
[ 194/2543] Compiling install-ns3-header: ns3/device-energy-model-container.h
[ 195/2543] Compiling install-ns3-header: ns3/basic-energy-harvester.h
[ 196/2543] Compiling install-ns3-header: ns3/device-energy-model.h
[ 197/2543] Compiling install-ns3-header: ns3/rv-battery-model-helper.h
[ 198/2543] Compiling install-ns3-header: ns3/energy-source-container.h
[ 199/2543] Compiling install-ns3-header: ns3/basic-energy-source.h
[ 200/2543] Compiling install-ns3-header: ns3/fd-net-device.h
[ 201/2543] Compiling install-ns3-header: ns3/fd-net-device-helper.h
[ 202/2543] Compiling install-ns3-header: ns3/ipv6-flow-classifier.h
[ 203/2543] Compiling install-ns3-header: ns3/flow-monitor.h
[ 204/2543] Compiling install-ns3-header: ns3/flow-monitor-helper.h
[ 205/2543] Compiling install-ns3-header: ns3/ipv4-flow-probe.h
[ 206/2543] Compiling install-ns3-header: ns3/flow-classifier.h
[ 207/2543] Compiling install-ns3-header: ns3/ipv4-flow-classifier.h
[ 208/2543] Compiling install-ns3-header: ns3/flow-probe.h
[ 209/2543] Compiling install-ns3-header: ns3/ipv6-flow-probe.h
[ 210/2543] Compiling install-ns3-header: ns3/ipv6-queue-disc-item.h
[ 211/2543] Compiling install-ns3-header: ns3/tcp-socket-factory.h
[ 212/2543] Compiling install-ns3-header: ns3/ipv4-packet-info-tag.h
[ 213/2543] Compiling install-ns3-header: ns3/icmpv6-header.h
[ 214/2543] Compiling install-ns3-header: ns3/ipv4-routing-protocol.h
[ 215/2543] Compiling install-ns3-header: ns3/tcp-option-rfc793.h
[ 216/2543] Compiling install-ns3-header: ns3/tcp-option.h
[ 217/2543] Compiling install-ns3-header: ns3/internet-stack-helper.h
[ 218/2543] Compiling install-ns3-header: ns3/ipv6-list-routing-helper.h
[ 219/2543] Compiling install-ns3-header: ns3/ip-l4-protocol.h
[ 220/2543] Compiling install-ns3-header: ns3/tcp-option-ts.h
[ 221/2543] Compiling install-ns3-header: ns3/ipv6-interface-container.h
[ 222/2543] Compiling install-ns3-header: ns3/ipv4-interface-container.h
[ 223/2543] Compiling install-ns3-header: ns3/ipv6-packet-probe.h
[ 224/2543] Compiling install-ns3-header: ns3/ipv6-routing-protocol.h
[ 225/2543] Compiling install-ns3-header: ns3/tcp-illinois.h
[ 226/2543] Compiling install-ns3-header: ns3/ipv6-extension.h
[ 227/2543] Compiling install-ns3-header: ns3/global-route-manager-impl.h
[ 228/2543] Compiling install-ns3-header: ns3/ipv4-route.h
[ 229/2543] Compiling install-ns3-header: ns3/internet-trace-helper.h
[ 230/2543] Compiling install-ns3-header: ns3/ipv6-end-point.h
[ 231/2543] Compiling install-ns3-header: ns3/tcp-scalable.h
[ 232/2543] Compiling install-ns3-header: ns3/tcp-prr-recovery.h
[ 233/2543] Compiling install-ns3-header: ns3/tcp-ledbat.h
[ 234/2543] Compiling install-ns3-header: ns3/ipv4-end-point.h
[ 235/2543] Compiling install-ns3-header: ns3/tcp-bic.h
[ 236/2543] Compiling install-ns3-header: ns3/arp-cache.h
[ 237/2543] Compiling install-ns3-header: ns3/ipv6-interface-address.h
[ 238/2543] Compiling install-ns3-header: ns3/global-router-interface.h
[ 239/2543] Compiling install-ns3-header: ns3/rtt-estimator.h
[ 240/2543] Compiling install-ns3-header: ns3/ipv6-route.h
[ 241/2543] Compiling install-ns3-header: ns3/udp-socket.h
[ 242/2543] Compiling install-ns3-header: ns3/tcp-veno.h
[ 243/2543] Compiling install-ns3-header: ns3/ipv4-packet-probe.h
[ 244/2543] Compiling install-ns3-header: ns3/tcp-htcp.h
[ 245/2543] Compiling install-ns3-header: ns3/tcp-dctcp.h
[ 246/2543] Compiling install-ns3-header: ns3/ipv6-list-routing.h
[ 247/2543] Compiling install-ns3-header: ns3/arp-header.h
[ 248/2543] Compiling install-ns3-header: ns3/tcp-linux-reno.h
[ 249/2543] Compiling install-ns3-header: ns3/ipv4-static-routing-helper.h
[ 250/2543] Compiling install-ns3-header: ns3/ipv4-queue-disc-item.h
[ 251/2543] Compiling install-ns3-header: ns3/ipv6-extension-demux.h
[ 252/2543] Compiling install-ns3-header: ns3/global-route-manager.h
[ 253/2543] Compiling install-ns3-header: ns3/icmpv4.h
[ 254/2543] Compiling install-ns3-header: ns3/tcp-tx-item.h
[ 255/2543] Compiling install-ns3-header: ns3/tcp-header.h
[ 256/2543] Compiling install-ns3-header: ns3/ipv4-list-routing.h
[ 257/2543] Compiling install-ns3-header: ns3/tcp-tx-buffer.h
[ 258/2543] Compiling install-ns3-header: ns3/rip-header.h
[ 259/2543] Compiling install-ns3-header: ns3/ipv6-address-helper.h
[ 260/2543] Compiling install-ns3-header: ns3/ipv4-global-routing.h
[ 261/2543] Compiling install-ns3-header: ns3/ipv4-packet-filter.h
[ 262/2543] Compiling install-ns3-header: ns3/rip-helper.h
[ 263/2543] Compiling install-ns3-header: ns3/rip.h
[ 264/2543] Compiling install-ns3-header: ns3/ipv4-raw-socket-factory.h
[ 265/2543] Compiling install-ns3-header: ns3/tcp-lp.h
[ 266/2543] Compiling install-ns3-header: ns3/ipv4-static-routing.h
[ 267/2543] Compiling install-ns3-header: ns3/ipv6-pmtu-cache.h
[ 268/2543] Compiling install-ns3-header: ns3/tcp-westwood.h
[ 269/2543] Compiling install-ns3-header: ns3/ipv4-header.h
[ 270/2543] Compiling install-ns3-header: ns3/ipv4-routing-table-entry.h
[ 271/2543] Compiling install-ns3-header: ns3/tcp-recovery-ops.h
[ 272/2543] Compiling install-ns3-header: ns3/ipv4-address-generator.h
[ 273/2543] Compiling install-ns3-header: ns3/ipv6-static-routing-helper.h
[ 274/2543] Compiling install-ns3-header: ns3/tcp-socket-state.h
[ 275/2543] Compiling install-ns3-header: ns3/udp-l4-protocol.h
[ 276/2543] Compiling install-ns3-header: ns3/tcp-socket-base.h
[ 277/2543] Compiling install-ns3-header: ns3/ipv6-routing-helper.h
[ 278/2543] Compiling install-ns3-header: ns3/ipv4-end-point-demux.h
[ 279/2543] Compiling install-ns3-header: ns3/ipv4-global-routing-helper.h
[ 280/2543] Compiling install-ns3-header: ns3/ipv4.h
[ 281/2543] Compiling install-ns3-header: ns3/ipv4-l3-protocol.h
[ 282/2543] Compiling install-ns3-header: ns3/ipv6-option-header.h
[ 283/2543] Compiling install-ns3-header: ns3/ipv4-routing-helper.h
[ 284/2543] Compiling install-ns3-header: ns3/udp-header.h
[ 285/2543] Compiling install-ns3-header: ns3/tcp-option-winscale.h
[ 286/2543] Compiling install-ns3-header: ns3/tcp-option-sack.h
[ 287/2543] Compiling install-ns3-header: ns3/tcp-rx-buffer.h
[ 288/2543] Compiling install-ns3-header: ns3/tcp-hybla.h
[ 289/2543] Compiling install-ns3-header: ns3/ipv6-address-generator.h
[ 290/2543] Compiling install-ns3-header: ns3/ipv6-header.h
[ 291/2543] Compiling install-ns3-header: ns3/icmpv4-l4-protocol.h
[ 292/2543] Compiling install-ns3-header: ns3/tcp-vegas.h
[ 293/2543] Compiling install-ns3-header: ns3/ipv6-static-routing.h
[ 294/2543] Compiling install-ns3-header: ns3/arp-queue-disc-item.h
[ 295/2543] Compiling install-ns3-header: ns3/ripng-helper.h
[ 296/2543] Compiling install-ns3-header: ns3/ipv4-interface-address.h
[ 297/2543] Compiling install-ns3-header: ns3/ipv6-routing-table-entry.h
[ 298/2543] Compiling install-ns3-header: ns3/ipv6-option.h
[ 299/2543] Compiling install-ns3-header: ns3/ipv4-interface.h
[ 300/2543] Compiling install-ns3-header: ns3/tcp-socket.h
[ 301/2543] Compiling install-ns3-header: ns3/ipv6-l3-protocol.h
[ 302/2543] Compiling install-ns3-header: ns3/loopback-net-device.h
[ 303/2543] Compiling install-ns3-header: ns3/ipv6-interface.h
[ 304/2543] Compiling install-ns3-header: ns3/ripng-header.h
[ 305/2543] Compiling install-ns3-header: ns3/tcp-option-sack-permitted.h
[ 306/2543] Compiling install-ns3-header: ns3/ripng.h
[ 307/2543] Compiling install-ns3-header: ns3/ipv6-packet-info-tag.h
[ 308/2543] Compiling install-ns3-header: ns3/ipv6-extension-header.h
[ 309/2543] Compiling install-ns3-header: ns3/candidate-queue.h
[ 310/2543] Compiling install-ns3-header: ns3/ipv6-raw-socket-factory.h
[ 311/2543] Compiling install-ns3-header: ns3/arp-l3-protocol.h
[ 312/2543] Compiling install-ns3-header: ns3/ipv4-list-routing-helper.h
[ 313/2543] Compiling install-ns3-header: ns3/ndisc-cache.h
[ 314/2543] Compiling install-ns3-header: ns3/tcp-rate-ops.h
[ 315/2543] Compiling install-ns3-header: ns3/ipv6-end-point-demux.h
[ 316/2543] Compiling install-ns3-header: ns3/tcp-congestion-ops.h
[ 317/2543] Compiling install-ns3-header: ns3/icmpv6-l4-protocol.h
[ 318/2543] Compiling install-ns3-header: ns3/ipv6-packet-filter.h
[ 319/2543] Compiling install-ns3-header: ns3/udp-socket-factory.h
[ 320/2543] Compiling install-ns3-header: ns3/tcp-highspeed.h
[ 321/2543] Compiling install-ns3-header: ns3/ipv6.h
[ 322/2543] Compiling install-ns3-header: ns3/ipv4-raw-socket-impl.h
[ 323/2543] Compiling install-ns3-header: ns3/ipv4-address-helper.h
[ 324/2543] Compiling install-ns3-header: ns3/tcp-l4-protocol.h
[ 325/2543] Compiling install-ns3-header: ns3/tcp-cubic.h
[ 326/2543] Compiling install-ns3-header: ns3/tcp-yeah.h
[ 327/2543] Compiling install-ns3-header: ns3/ping6.h
[ 328/2543] Compiling install-ns3-header: ns3/radvd-interface.h
[ 329/2543] Compiling install-ns3-header: ns3/v4traceroute-helper.h
[ 330/2543] Compiling install-ns3-header: ns3/radvd-prefix.h
[ 331/2543] Compiling install-ns3-header: ns3/dhcp-helper.h
[ 332/2543] Compiling install-ns3-header: ns3/dhcp-client.h
[ 333/2543] Compiling install-ns3-header: ns3/v4traceroute.h
[ 334/2543] Compiling install-ns3-header: ns3/dhcp-header.h
[ 335/2543] Compiling install-ns3-header: ns3/ping6-helper.h
[ 336/2543] Compiling install-ns3-header: ns3/v4ping.h
[ 337/2543] Compiling install-ns3-header: ns3/v4ping-helper.h
[ 338/2543] Compiling install-ns3-header: ns3/radvd.h
[ 339/2543] Compiling install-ns3-header: ns3/dhcp-server.h
[ 340/2543] Compiling install-ns3-header: ns3/radvd-helper.h
[ 341/2543] Compiling install-ns3-header: ns3/lr-wpan-spectrum-value-helper.h
[ 342/2543] Compiling install-ns3-header: ns3/lr-wpan-csmaca.h
[ 343/2543] Compiling install-ns3-header: ns3/lr-wpan-error-model.h
[ 344/2543] Compiling install-ns3-header: ns3/lr-wpan-lqi-tag.h
[ 345/2543] Compiling install-ns3-header: ns3/lr-wpan-fields.h
[ 346/2543] Compiling install-ns3-header: ns3/lr-wpan-mac-pl-headers.h
[ 347/2543] Compiling install-ns3-header: ns3/lr-wpan-mac-header.h
[ 348/2543] Compiling install-ns3-header: ns3/lr-wpan-mac-trailer.h
[ 349/2543] Compiling install-ns3-header: ns3/lr-wpan-interference-helper.h
[ 350/2543] Compiling install-ns3-header: ns3/lr-wpan-phy.h
[ 351/2543] Compiling install-ns3-header: ns3/lr-wpan-mac.h
[ 352/2543] Compiling install-ns3-header: ns3/lr-wpan-net-device.h
[ 353/2543] Compiling install-ns3-header: ns3/lr-wpan-helper.h
[ 354/2543] Compiling install-ns3-header: ns3/lr-wpan-spectrum-signal-parameters.h
[ 355/2543] Compiling install-ns3-header: ns3/lte-phy-tag.h
[ 356/2543] Compiling install-ns3-header: ns3/lte-mac-sap.h
[ 357/2543] Compiling install-ns3-header: ns3/lte-ue-cphy-sap.h
[ 358/2543] Compiling install-ns3-header: ns3/lte-rrc-protocol-ideal.h
[ 359/2543] Compiling install-ns3-header: ns3/ff-mac-scheduler.h
[ 360/2543] Compiling install-ns3-header: ns3/lte-rlc-header.h
[ 361/2543] Compiling install-ns3-header: ns3/lte-ffr-enhanced-algorithm.h
[ 362/2543] Compiling install-ns3-header: ns3/lte-radio-bearer-tag.h
[ 363/2543] Compiling install-ns3-header: ns3/lte-mi-error-model.h
[ 364/2543] Compiling install-ns3-header: ns3/simple-ue-component-carrier-manager.h
[ 365/2543] Compiling install-ns3-header: ns3/fdtbfq-ff-mac-scheduler.h
[ 366/2543] Compiling install-ns3-header: ns3/eps-bearer.h
[ 367/2543] Compiling install-ns3-header: ns3/lte-radio-bearer-info.h
[ 368/2543] Compiling install-ns3-header: ns3/lte-common.h
[ 369/2543] Compiling install-ns3-header: ns3/eps-bearer-tag.h
[ 370/2543] Compiling install-ns3-header: ns3/rr-ff-mac-scheduler.h
[ 371/2543] Compiling install-ns3-header: ns3/epc-gtpc-header.h
[ 372/2543] Compiling install-ns3-header: ns3/pf-ff-mac-scheduler.h
[ 373/2543] Compiling install-ns3-header: ns3/lte-enb-component-carrier-manager.h
[ 374/2543] Compiling install-ns3-header: ns3/lte-enb-cmac-sap.h
[ 375/2543] Compiling install-ns3-header: ns3/lte-spectrum-value-helper.h
[ 376/2543] Compiling install-ns3-header: ns3/epc-mme-application.h
[ 377/2543] Compiling install-ns3-header: ns3/lte-fr-hard-algorithm.h
[ 378/2543] Compiling install-ns3-header: ns3/lte-harq-phy.h
[ 379/2543] Compiling install-ns3-header: ns3/epc-gtpu-header.h
[ 380/2543] Compiling install-ns3-header: ns3/tta-ff-mac-scheduler.h
[ 381/2543] Compiling install-ns3-header: ns3/component-carrier-ue.h
[ 382/2543] Compiling install-ns3-header: ns3/epc-sgw-application.h
[ 383/2543] Compiling install-ns3-header: ns3/lte-chunk-processor.h
[ 384/2543] Compiling install-ns3-header: ns3/lte-ue-rrc.h
[ 385/2543] Compiling install-ns3-header: ns3/lte-global-pathloss-database.h
[ 386/2543] Compiling install-ns3-header: ns3/epc-helper.h
[ 387/2543] Compiling install-ns3-header: ns3/lte-ccm-rrc-sap.h
[ 388/2543] Compiling install-ns3-header: ns3/lte-ue-phy-sap.h
[ 389/2543] Compiling install-ns3-header: ns3/lte-interference.h
[ 390/2543] Compiling install-ns3-header: ns3/lte-fr-soft-algorithm.h
[ 391/2543] Compiling install-ns3-header: ns3/lte-pdcp-header.h
[ 392/2543] Compiling install-ns3-header: ns3/ff-mac-common.h
[ 393/2543] Compiling install-ns3-header: ns3/component-carrier.h
[ 394/2543] Compiling install-ns3-header: ns3/epc-pgw-application.h
[ 395/2543] Compiling install-ns3-header: ns3/epc-enb-s1-sap.h
[ 396/2543] Compiling install-ns3-header: ns3/lte-enb-rrc.h
[ 397/2543] Compiling install-ns3-header: ns3/no-op-handover-algorithm.h
[ 398/2543] Compiling install-ns3-header: ns3/epc-s11-sap.h
[ 399/2543] Compiling install-ns3-header: ns3/lte-rlc-tag.h
[ 400/2543] Compiling install-ns3-header: ns3/lte-rlc-sdu-status-tag.h
[ 401/2543] Compiling install-ns3-header: ns3/lte-handover-management-sap.h
[ 402/2543] Compiling install-ns3-header: ns3/lte-ue-mac.h
[ 403/2543] Compiling install-ns3-header: ns3/lte-handover-algorithm.h
[ 404/2543] Compiling install-ns3-header: ns3/lte-fr-no-op-algorithm.h
[ 405/2543] Compiling install-ns3-header: ns3/lte-vendor-specific-parameters.h
[ 406/2543] Compiling install-ns3-header: ns3/radio-bearer-stats-connector.h
[ 407/2543] Compiling install-ns3-header: ns3/component-carrier-enb.h
[ 408/2543] Compiling install-ns3-header: ns3/no-backhaul-epc-helper.h
[ 409/2543] Compiling install-ns3-header: ns3/lte-ccm-mac-sap.h
[ 410/2543] Compiling install-ns3-header: ns3/lte-rlc.h
[ 411/2543] Compiling install-ns3-header: ns3/fdbet-ff-mac-scheduler.h
[ 412/2543] Compiling install-ns3-header: ns3/lte-ue-phy.h
[ 413/2543] Compiling install-ns3-header: ns3/lte-control-messages.h
[ 414/2543] Compiling install-ns3-header: ns3/lte-rlc-tm.h
[ 415/2543] Compiling install-ns3-header: ns3/lte-enb-cphy-sap.h
[ 416/2543] Compiling install-ns3-header: ns3/lte-spectrum-phy.h
[ 417/2543] Compiling install-ns3-header: ns3/a2-a4-rsrq-handover-algorithm.h
[ 418/2543] Compiling install-ns3-header: ns3/lte-enb-phy.h
[ 419/2543] Compiling install-ns3-header: ns3/fdmt-ff-mac-scheduler.h
[ 420/2543] Compiling install-ns3-header: ns3/lte-ue-ccm-rrc-sap.h
[ 421/2543] Compiling install-ns3-header: ns3/lte-net-device.h
[ 422/2543] Compiling install-ns3-header: ns3/pss-ff-mac-scheduler.h
[ 423/2543] Compiling install-ns3-header: ns3/lte-ue-power-control.h
[ 424/2543] Compiling install-ns3-header: ns3/tdtbfq-ff-mac-scheduler.h
[ 425/2543] Compiling install-ns3-header: ns3/lte-ue-cmac-sap.h
[ 426/2543] Compiling install-ns3-header: ns3/epc-tft-classifier.h
[ 427/2543] Compiling install-ns3-header: ns3/lte-rrc-header.h
[ 428/2543] Compiling install-ns3-header: ns3/lte-enb-net-device.h
[ 429/2543] Compiling install-ns3-header: ns3/epc-ue-nas.h
[ 430/2543] Compiling install-ns3-header: ns3/point-to-point-epc-helper.h
[ 431/2543] Compiling install-ns3-header: ns3/lte-ffr-rrc-sap.h
[ 432/2543] Compiling install-ns3-header: ns3/lte-rlc-sap.h
[ 433/2543] Compiling install-ns3-header: ns3/lte-rrc-sap.h
[ 434/2543] Compiling install-ns3-header: ns3/phy-rx-stats-calculator.h
[ 435/2543] Compiling install-ns3-header: ns3/epc-x2-sap.h
[ 436/2543] Compiling install-ns3-header: ns3/lte-ue-net-device.h
[ 437/2543] Compiling install-ns3-header: ns3/lte-amc.h
[ 438/2543] Compiling install-ns3-header: ns3/lte-pdcp-sap.h
[ 439/2543] Compiling install-ns3-header: ns3/no-op-component-carrier-manager.h
[ 440/2543] Compiling install-ns3-header: ns3/epc-s1ap-sap.h
[ 441/2543] Compiling install-ns3-header: ns3/lte-ue-component-carrier-manager.h
[ 442/2543] Compiling install-ns3-header: ns3/lte-enb-phy-sap.h
[ 443/2543] Compiling install-ns3-header: ns3/lte-rlc-am.h
[ 444/2543] Compiling install-ns3-header: ns3/tdbet-ff-mac-scheduler.h
[ 445/2543] Compiling install-ns3-header: ns3/cqa-ff-mac-scheduler.h
[ 446/2543] Compiling install-ns3-header: ns3/lte-stats-calculator.h
[ 447/2543] Compiling install-ns3-header: ns3/epc-enb-application.h
[ 448/2543] Compiling install-ns3-header: ns3/lte-phy.h
[ 449/2543] Compiling install-ns3-header: ns3/lte-asn1-header.h
[ 450/2543] Compiling install-ns3-header: ns3/epc-x2.h
[ 451/2543] Compiling install-ns3-header: ns3/radio-environment-map-helper.h
[ 452/2543] Compiling install-ns3-header: ns3/lte-ffr-sap.h
[ 453/2543] Compiling install-ns3-header: ns3/lte-ffr-distributed-algorithm.h
[ 454/2543] Compiling install-ns3-header: ns3/ff-mac-csched-sap.h
[ 455/2543] Compiling install-ns3-header: ns3/phy-stats-calculator.h
[ 456/2543] Compiling install-ns3-header: ns3/lte-rlc-sequence-number.h
[ 457/2543] Compiling install-ns3-header: ns3/epc-x2-header.h
[ 458/2543] Compiling install-ns3-header: ns3/lte-helper.h
[ 459/2543] Compiling install-ns3-header: ns3/lte-fr-strict-algorithm.h
[ 460/2543] Compiling install-ns3-header: ns3/radio-bearer-stats-calculator.h
[ 461/2543] Compiling install-ns3-header: ns3/ff-mac-sched-sap.h
[ 462/2543] Compiling install-ns3-header: ns3/lte-spectrum-signal-parameters.h
[ 463/2543] Compiling install-ns3-header: ns3/epc-tft.h
[ 464/2543] Compiling install-ns3-header: ns3/lte-pdcp.h
[ 465/2543] Compiling install-ns3-header: ns3/cc-helper.h
[ 466/2543] Compiling install-ns3-header: ns3/lte-pdcp-tag.h
[ 467/2543] Compiling install-ns3-header: ns3/lte-rlc-um.h
[ 468/2543] Compiling install-ns3-header: ns3/lte-enb-mac.h
[ 469/2543] Compiling install-ns3-header: ns3/lte-as-sap.h
[ 470/2543] Compiling install-ns3-header: ns3/a3-rsrp-handover-algorithm.h
[ 471/2543] Compiling install-ns3-header: ns3/lte-anr.h
[ 472/2543] Compiling install-ns3-header: ns3/lte-rlc-am-header.h
[ 473/2543] Compiling install-ns3-header: ns3/tdmt-ff-mac-scheduler.h
[ 474/2543] Compiling install-ns3-header: ns3/lte-anr-sap.h
[ 475/2543] Compiling install-ns3-header: ns3/rem-spectrum-phy.h
[ 476/2543] Compiling install-ns3-header: ns3/lte-ffr-algorithm.h
[ 477/2543] Compiling install-ns3-header: ns3/mac-stats-calculator.h
[ 478/2543] Compiling install-ns3-header: ns3/phy-tx-stats-calculator.h
[ 479/2543] Compiling install-ns3-header: ns3/lte-rrc-protocol-real.h
[ 480/2543] Compiling install-ns3-header: ns3/lte-hex-grid-enb-topology-helper.h
[ 481/2543] Compiling install-ns3-header: ns3/lte-ffr-soft-algorithm.h
[ 482/2543] Compiling install-ns3-header: ns3/ie-dot11s-metric-report.h
[ 483/2543] Compiling install-ns3-header: ns3/ie-dot11s-configuration.h
[ 484/2543] Compiling install-ns3-header: ns3/mesh-information-element-vector.h
[ 485/2543] Compiling install-ns3-header: ns3/dot11s-installer.h
[ 486/2543] Compiling install-ns3-header: ns3/peer-link-frame.h
[ 487/2543] Compiling install-ns3-header: ns3/mesh-helper.h
[ 488/2543] Compiling install-ns3-header: ns3/flame-rtable.h
[ 489/2543] Compiling install-ns3-header: ns3/hwmp-rtable.h
[ 490/2543] Compiling install-ns3-header: ns3/mesh-wifi-interface-mac.h
[ 491/2543] Compiling install-ns3-header: ns3/ie-dot11s-peer-management.h
[ 492/2543] Compiling install-ns3-header: ns3/peer-management-protocol.h
[ 493/2543] Compiling install-ns3-header: ns3/ie-dot11s-preq.h
[ 494/2543] Compiling install-ns3-header: ns3/mesh-l2-routing-protocol.h
[ 495/2543] Compiling install-ns3-header: ns3/mesh-stack-installer.h
[ 496/2543] Compiling install-ns3-header: ns3/mesh-wifi-interface-mac-plugin.h
[ 497/2543] Compiling install-ns3-header: ns3/ie-dot11s-prep.h
[ 498/2543] Compiling install-ns3-header: ns3/mesh-point-device.h
[ 499/2543] Compiling install-ns3-header: ns3/flame-header.h
[ 500/2543] Compiling install-ns3-header: ns3/mesh-wifi-beacon.h
[ 501/2543] Compiling install-ns3-header: ns3/peer-link.h
[ 502/2543] Compiling install-ns3-header: ns3/ie-dot11s-id.h
[ 503/2543] Compiling install-ns3-header: ns3/ie-dot11s-beacon-timing.h
[ 504/2543] Compiling install-ns3-header: ns3/ie-dot11s-rann.h
[ 505/2543] Compiling install-ns3-header: ns3/flame-protocol-mac.h
[ 506/2543] Compiling install-ns3-header: ns3/dot11s-mac-header.h
[ 507/2543] Compiling install-ns3-header: ns3/hwmp-protocol.h
[ 508/2543] Compiling install-ns3-header: ns3/flame-installer.h
[ 509/2543] Compiling install-ns3-header: ns3/ie-dot11s-perr.h
[ 510/2543] Compiling install-ns3-header: ns3/flame-protocol.h
[ 511/2543] Compiling install-ns3-header: ns3/ie-dot11s-peering-protocol.h
[ 512/2543] Compiling install-ns3-header: ns3/gauss-markov-mobility-model.h
[ 513/2543] Compiling install-ns3-header: ns3/constant-acceleration-mobility-model.h
[ 514/2543] Compiling install-ns3-header: ns3/constant-velocity-helper.h
[ 515/2543] Compiling install-ns3-header: ns3/ns2-mobility-helper.h
[ 516/2543] Compiling install-ns3-header: ns3/position-allocator.h
[ 517/2543] Compiling install-ns3-header: ns3/box.h
[ 518/2543] Compiling install-ns3-header: ns3/waypoint-mobility-model.h
[ 519/2543] Compiling install-ns3-header: ns3/random-direction-2d-mobility-model.h
[ 520/2543] Compiling install-ns3-header: ns3/steady-state-random-waypoint-mobility-model.h
[ 521/2543] Compiling install-ns3-header: ns3/waypoint.h
[ 522/2543] Compiling install-ns3-header: ns3/random-walk-2d-mobility-model.h
[ 523/2543] Compiling install-ns3-header: ns3/constant-velocity-mobility-model.h
[ 524/2543] Compiling install-ns3-header: ns3/mobility-model.h
[ 525/2543] Compiling install-ns3-header: ns3/random-waypoint-mobility-model.h
[ 526/2543] Compiling install-ns3-header: ns3/mobility-helper.h
[ 527/2543] Compiling install-ns3-header: ns3/hierarchical-mobility-model.h
[ 528/2543] Compiling install-ns3-header: ns3/rectangle.h
[ 529/2543] Compiling install-ns3-header: ns3/geographic-positions.h
[ 530/2543] Compiling install-ns3-header: ns3/constant-position-mobility-model.h
[ 531/2543] Compiling install-ns3-header: ns3/animation-interface.h
[ 532/2543] Compiling install-ns3-header: ns3/crc32.h
[ 533/2543] Compiling install-ns3-header: ns3/packet-data-calculators.h
[ 534/2543] Compiling install-ns3-header: ns3/simple-net-device.h
[ 535/2543] Compiling install-ns3-header: ns3/sgi-hashmap.h
[ 536/2543] Compiling install-ns3-header: ns3/net-device-queue-interface.h
[ 537/2543] Compiling install-ns3-header: ns3/queue-size.h
[ 538/2543] Compiling install-ns3-header: ns3/queue-limits.h
[ 539/2543] Compiling install-ns3-header: ns3/generic-phy.h
[ 540/2543] Compiling install-ns3-header: ns3/packet-socket-factory.h
[ 541/2543] Compiling install-ns3-header: ns3/llc-snap-header.h
[ 542/2543] Compiling install-ns3-header: ns3/trailer.h
[ 543/2543] Compiling install-ns3-header: ns3/tag.h
[ 544/2543] Compiling install-ns3-header: ns3/node-list.h
[ 545/2543] Compiling install-ns3-header: ns3/sll-header.h
[ 546/2543] Compiling install-ns3-header: ns3/delay-jitter-estimation.h
[ 547/2543] Compiling install-ns3-header: ns3/flow-id-tag.h
[ 548/2543] Compiling install-ns3-header: ns3/error-channel.h
[ 549/2543] Compiling install-ns3-header: ns3/node.h
[ 550/2543] Compiling install-ns3-header: ns3/byte-tag-list.h
[ 551/2543] Compiling install-ns3-header: ns3/packet.h
[ 552/2543] Compiling install-ns3-header: ns3/data-rate.h
[ 553/2543] Compiling install-ns3-header: ns3/packetbb.h
[ 554/2543] Compiling install-ns3-header: ns3/packet-probe.h
[ 555/2543] Compiling install-ns3-header: ns3/ipv4-address.h
[ 556/2543] Compiling install-ns3-header: ns3/packet-tag-list.h
[ 557/2543] Compiling install-ns3-header: ns3/net-device-container.h
[ 558/2543] Compiling install-ns3-header: ns3/ethernet-header.h
[ 559/2543] Compiling install-ns3-header: ns3/pcap-file.h
[ 560/2543] Compiling install-ns3-header: ns3/lollipop-counter.h
[ 561/2543] Compiling install-ns3-header: ns3/application.h
[ 562/2543] Compiling install-ns3-header: ns3/node-container.h
[ 563/2543] Compiling install-ns3-header: ns3/output-stream-wrapper.h
[ 564/2543] Compiling install-ns3-header: ns3/queue-item.h
[ 565/2543] Compiling install-ns3-header: ns3/queue.h
[ 566/2543] Compiling install-ns3-header: ns3/address-utils.h
[ 567/2543] Compiling install-ns3-header: ns3/packet-burst.h
[ 568/2543] Compiling install-ns3-header: ns3/packet-socket.h
[ 569/2543] Compiling install-ns3-header: ns3/trace-helper.h
[ 570/2543] Compiling install-ns3-header: ns3/error-model.h
[ 571/2543] Compiling install-ns3-header: ns3/tag-buffer.h
[ 572/2543] Compiling install-ns3-header: ns3/header.h
[ 573/2543] Compiling install-ns3-header: ns3/socket.h
[ 574/2543] Compiling install-ns3-header: ns3/inet-socket-address.h
[ 575/2543] Compiling install-ns3-header: ns3/mac8-address.h
[ 576/2543] Compiling install-ns3-header: ns3/pcap-test.h
[ 577/2543] Compiling install-ns3-header: ns3/socket-factory.h
[ 578/2543] Compiling install-ns3-header: ns3/packet-socket-address.h
[ 579/2543] Compiling install-ns3-header: ns3/channel.h
[ 580/2543] Compiling install-ns3-header: ns3/pcap-file-wrapper.h
[ 581/2543] Compiling install-ns3-header: ns3/mac48-address.h
[ 582/2543] Compiling install-ns3-header: ns3/mac16-address.h
[ 583/2543] Compiling install-ns3-header: ns3/radiotap-header.h
[ 584/2543] Compiling install-ns3-header: ns3/dynamic-queue-limits.h
[ 585/2543] Compiling install-ns3-header: ns3/mac64-address.h
[ 586/2543] Compiling install-ns3-header: ns3/drop-tail-queue.h
[ 587/2543] Compiling install-ns3-header: ns3/chunk.h
[ 588/2543] Compiling install-ns3-header: ns3/address.h
[ 589/2543] Compiling install-ns3-header: ns3/ethernet-trailer.h
[ 590/2543] Compiling install-ns3-header: ns3/buffer.h
[ 591/2543] Compiling install-ns3-header: ns3/net-device.h
[ 592/2543] Compiling install-ns3-header: ns3/packet-metadata.h
[ 593/2543] Compiling install-ns3-header: ns3/packet-socket-helper.h
[ 594/2543] Compiling install-ns3-header: ns3/ipv6-address.h
[ 595/2543] Compiling install-ns3-header: ns3/nix-vector.h
[ 596/2543] Compiling install-ns3-header: ns3/channel-list.h
[ 597/2543] Compiling install-ns3-header: ns3/inet6-socket-address.h
[ 598/2543] Compiling install-ns3-header: ns3/simple-channel.h
[ 599/2543] Compiling install-ns3-header: ns3/application-container.h
[ 600/2543] Compiling install-ns3-header: ns3/packet-socket-server.h
[ 601/2543] Compiling install-ns3-header: ns3/sequence-number.h
[ 602/2543] Compiling install-ns3-header: ns3/packet-socket-client.h
[ 603/2543] Compiling install-ns3-header: ns3/simple-net-device-helper.h
[ 604/2543] Compiling install-ns3-header: ns3/ipv4-nix-vector-routing.h
[ 605/2543] Compiling install-ns3-header: ns3/ipv4-nix-vector-helper.h
[ 606/2543] Compiling install-ns3-header: ns3/olsr-routing-protocol.h
[ 607/2543] Compiling install-ns3-header: ns3/olsr-header.h
[ 608/2543] Compiling install-ns3-header: ns3/olsr-repositories.h
[ 609/2543] Compiling install-ns3-header: ns3/olsr-helper.h
[ 610/2543] Compiling install-ns3-header: ns3/olsr-state.h
[ 611/2543] Compiling install-ns3-header: ns3/point-to-point-channel.h
[ 612/2543] Compiling install-ns3-header: ns3/ppp-header.h
[ 613/2543] Compiling install-ns3-header: ns3/point-to-point-helper.h
[ 614/2543] Compiling install-ns3-header: ns3/point-to-point-net-device.h
[ 615/2543] Compiling install-ns3-header: ns3/point-to-point-grid.h
[ 616/2543] Compiling install-ns3-header: ns3/point-to-point-star.h
[ 617/2543] Compiling install-ns3-header: ns3/point-to-point-dumbbell.h
[ 618/2543] Compiling install-ns3-header: ns3/jakes-process.h
[ 619/2543] Compiling install-ns3-header: ns3/probabilistic-v2v-channel-condition-model.h
[ 620/2543] Compiling install-ns3-header: ns3/jakes-propagation-loss-model.h
[ 621/2543] Compiling install-ns3-header: ns3/kun-2600-mhz-propagation-loss-model.h
[ 622/2543] Compiling install-ns3-header: ns3/channel-condition-model.h
[ 623/2543] Compiling install-ns3-header: ns3/propagation-environment.h
[ 624/2543] Compiling install-ns3-header: ns3/cost231-propagation-loss-model.h
[ 625/2543] Compiling install-ns3-header: ns3/propagation-loss-model.h
[ 626/2543] Compiling install-ns3-header: ns3/three-gpp-propagation-loss-model.h
[ 627/2543] Compiling install-ns3-header: ns3/okumura-hata-propagation-loss-model.h
[ 628/2543] Compiling install-ns3-header: ns3/itu-r-1411-nlos-over-rooftop-propagation-loss-model.h
[ 629/2543] Compiling install-ns3-header: ns3/propagation-cache.h
[ 630/2543] Compiling install-ns3-header: ns3/propagation-delay-model.h
[ 631/2543] Compiling install-ns3-header: ns3/itu-r-1411-los-propagation-loss-model.h
[ 632/2543] Compiling install-ns3-header: ns3/three-gpp-v2v-propagation-loss-model.h
[ 633/2543] Compiling install-ns3-header: ns3/mcptt-floor-msg.h
[ 634/2543] Compiling install-ns3-header: ns3/mcptt-call-type-machine.h
[ 635/2543] Compiling install-ns3-header: ns3/mcptt-pushable.h
[ 636/2543] Compiling install-ns3-header: ns3/mcptt-call-machine-grp-basic.h
[ 637/2543] Compiling install-ns3-header: ns3/mcptt-state-machine-stats.h
[ 638/2543] Compiling install-ns3-header: ns3/uav-mobility-energy-model.h
[ 639/2543] Compiling install-ns3-header: ns3/mcptt-call-machine.h
[ 640/2543] Compiling install-ns3-header: ns3/mcptt-media-src.h
[ 641/2543] Compiling install-ns3-header: ns3/mcptt-ptt-app.h
[ 642/2543] Compiling install-ns3-header: ns3/intel-http-client.h
[ 643/2543] Compiling install-ns3-header: ns3/mcptt-floor-machine-basic.h
[ 644/2543] Compiling install-ns3-header: ns3/mcptt-msg-stats.h
[ 645/2543] Compiling install-ns3-header: ns3/mcptt-emerg-alert-machine.h
[ 646/2543] Compiling install-ns3-header: ns3/mcptt-call-type-machine-private-state.h
[ 647/2543] Compiling install-ns3-header: ns3/mcptt-call-machine-private-state.h
[ 648/2543] Compiling install-ns3-header: ns3/mcptt-call-msg-field.h
[ 649/2543] Compiling install-ns3-header: ns3/mcptt-floor-machine-basic-state.h
[ 650/2543] Compiling install-ns3-header: ns3/mcptt-floor-msg-field.h
[ 651/2543] Compiling install-ns3-header: ns3/mcptt-rtp-header.h
[ 652/2543] Compiling install-ns3-header: ns3/mcptt-media-sink.h
[ 653/2543] Compiling install-ns3-header: ns3/intel-http-server.h
[ 654/2543] Compiling install-ns3-header: ns3/udp-group-echo-server.h
[ 655/2543] Compiling install-ns3-header: ns3/intel-http-header.h
[ 656/2543] Compiling install-ns3-header: ns3/mcptt-helper.h
[ 657/2543] Compiling install-ns3-header: ns3/udp-group-echo-helper.h
[ 658/2543] Compiling install-ns3-header: ns3/mcptt-emerg-alert-machine-basic.h
[ 659/2543] Compiling install-ns3-header: ns3/uav-mobility-energy-model-helper.h
[ 660/2543] Compiling install-ns3-header: ns3/mcptt-media-msg.h
[ 661/2543] Compiling install-ns3-header: ns3/mcptt-chan.h
[ 662/2543] Compiling install-ns3-header: ns3/mcptt-floor-machine.h
[ 663/2543] Compiling install-ns3-header: ns3/mcptt-floor-queue.h
[ 664/2543] Compiling install-ns3-header: ns3/mcptt-call-type-machine-grp-basic.h
[ 665/2543] Compiling install-ns3-header: ns3/mcptt-call-machine-grp-broadcast.h
[ 666/2543] Compiling install-ns3-header: ns3/mcptt-call-machine-grp-basic-state.h
[ 667/2543] Compiling install-ns3-header: ns3/mcptt-pusher.h
[ 668/2543] Compiling install-ns3-header: ns3/mcptt-call-machine-grp-broadcast-state.h
[ 669/2543] Compiling install-ns3-header: ns3/mcptt-call-msg.h
[ 670/2543] Compiling install-ns3-header: ns3/mcptt-msg.h
[ 671/2543] Compiling install-ns3-header: ns3/mcptt-timer.h
[ 672/2543] Compiling install-ns3-header: ns3/mcptt-call-machine-private.h
[ 673/2543] Compiling install-ns3-header: ns3/mcptt-call.h
[ 674/2543] Compiling install-ns3-header: ns3/mcptt-call-type-machine-private.h
[ 675/2543] Compiling install-ns3-header: ns3/mcptt-queued-user-info.h
[ 676/2543] Compiling install-ns3-header: ns3/mcptt-entity-id.h
[ 677/2543] Compiling install-ns3-header: ns3/intel-http-helper.h
[ 678/2543] Compiling install-ns3-header: ns3/mcptt-counter.h
[ 679/2543] Compiling install-ns3-header: ns3/sixlowpan-net-device.h
[ 680/2543] Compiling install-ns3-header: ns3/sixlowpan-helper.h
[ 681/2543] Compiling install-ns3-header: ns3/sixlowpan-header.h
[ 682/2543] Compiling install-ns3-header: ns3/spectrum-helper.h
[ 683/2543] Compiling install-ns3-header: ns3/friis-spectrum-propagation-loss.h
[ 684/2543] Compiling install-ns3-header: ns3/half-duplex-ideal-phy.h
[ 685/2543] Compiling install-ns3-header: ns3/spectrum-error-model.h
[ 686/2543] Compiling install-ns3-header: ns3/spectrum-phy.h
[ 687/2543] Compiling install-ns3-header: ns3/three-gpp-spectrum-propagation-loss-model.h
[ 688/2543] Compiling install-ns3-header: ns3/spectrum-analyzer.h
[ 689/2543] Compiling install-ns3-header: ns3/three-gpp-channel-model.h
[ 690/2543] Compiling install-ns3-header: ns3/spectrum-model-ism2400MHz-res1MHz.h
[ 691/2543] Compiling install-ns3-header: ns3/spectrum-signal-parameters.h
[ 692/2543] Compiling install-ns3-header: ns3/non-communicating-net-device.h
[ 693/2543] Compiling install-ns3-header: ns3/spectrum-channel.h
[ 694/2543] Compiling install-ns3-header: ns3/spectrum-model.h
[ 695/2543] Compiling install-ns3-header: ns3/wifi-spectrum-value-helper.h
[ 696/2543] Compiling install-ns3-header: ns3/tv-spectrum-transmitter.h
[ 697/2543] Compiling install-ns3-header: ns3/spectrum-model-300kHz-300GHz-log.h
[ 698/2543] Compiling install-ns3-header: ns3/spectrum-propagation-loss-model.h
[ 699/2543] Compiling install-ns3-header: ns3/spectrum-test.h
[ 700/2543] Compiling install-ns3-header: ns3/spectrum-interference.h
[ 701/2543] Compiling install-ns3-header: ns3/half-duplex-ideal-phy-signal-parameters.h
[ 702/2543] Compiling install-ns3-header: ns3/waveform-generator.h
[ 703/2543] Compiling install-ns3-header: ns3/aloha-noack-mac-header.h
[ 704/2543] Compiling install-ns3-header: ns3/spectrum-converter.h
[ 705/2543] Compiling install-ns3-header: ns3/single-model-spectrum-channel.h
[ 706/2543] Compiling install-ns3-header: ns3/microwave-oven-spectrum-value-helper.h
[ 707/2543] Compiling install-ns3-header: ns3/spectrum-value.h
[ 708/2543] Compiling install-ns3-header: ns3/waveform-generator-helper.h
[ 709/2543] Compiling install-ns3-header: ns3/trace-fading-loss-model.h
[ 710/2543] Compiling install-ns3-header: ns3/matrix-based-channel-model.h
[ 711/2543] Compiling install-ns3-header: ns3/constant-spectrum-propagation-loss.h
[ 712/2543] Compiling install-ns3-header: ns3/spectrum-analyzer-helper.h
[ 713/2543] Compiling install-ns3-header: ns3/aloha-noack-net-device.h
[ 714/2543] Compiling install-ns3-header: ns3/adhoc-aloha-noack-ideal-phy-helper.h
[ 715/2543] Compiling install-ns3-header: ns3/tv-spectrum-transmitter-helper.h
[ 716/2543] Compiling install-ns3-header: ns3/multi-model-spectrum-channel.h
[ 717/2543] Compiling install-ns3-header: ns3/file-helper.h
[ 718/2543] Compiling install-ns3-header: ns3/gnuplot.h
[ 719/2543] Compiling install-ns3-header: ns3/gnuplot-aggregator.h
[ 720/2543] Compiling install-ns3-header: ns3/probe.h
[ 721/2543] Compiling install-ns3-header: ns3/double-probe.h
[ 722/2543] Compiling install-ns3-header: ns3/gnuplot-helper.h
[ 723/2543] Compiling install-ns3-header: ns3/time-data-calculators.h
[ 724/2543] Compiling install-ns3-header: ns3/uinteger-32-probe.h
[ 725/2543] Compiling install-ns3-header: ns3/uinteger-16-probe.h
[ 726/2543] Compiling install-ns3-header: ns3/histogram.h
[ 727/2543] Compiling install-ns3-header: ns3/get-wildcard-matches.h
[ 728/2543] Compiling install-ns3-header: ns3/data-calculator.h
[ 729/2543] Compiling install-ns3-header: ns3/sqlite-output.h
[ 730/2543] Compiling install-ns3-header: ns3/omnet-data-output.h
[ 731/2543] Compiling install-ns3-header: ns3/data-output-interface.h
[ 732/2543] Compiling install-ns3-header: ns3/data-collector.h
[ 733/2543] Compiling install-ns3-header: ns3/uinteger-8-probe.h
[ 734/2543] Compiling install-ns3-header: ns3/average.h
[ 735/2543] Compiling install-ns3-header: ns3/boolean-probe.h
[ 736/2543] Compiling install-ns3-header: ns3/basic-data-calculators.h
[ 737/2543] Compiling install-ns3-header: ns3/data-collection-object.h
[ 738/2543] Compiling install-ns3-header: ns3/time-series-adaptor.h
[ 739/2543] Compiling install-ns3-header: ns3/sqlite-data-output.h
[ 740/2543] Compiling install-ns3-header: ns3/time-probe.h
[ 741/2543] Compiling install-ns3-header: ns3/file-aggregator.h
[ 742/2543] Compiling install-ns3-header: ns3/topology-reader-helper.h
[ 743/2543] Compiling install-ns3-header: ns3/rocketfuel-topology-reader.h
[ 744/2543] Compiling install-ns3-header: ns3/inet-topology-reader.h
[ 745/2543] Compiling install-ns3-header: ns3/topology-reader.h
[ 746/2543] Compiling install-ns3-header: ns3/orbis-topology-reader.h
[ 747/2543] Compiling install-ns3-header: ns3/packet-filter.h
[ 748/2543] Compiling install-ns3-header: ns3/pie-queue-disc.h
[ 749/2543] Compiling install-ns3-header: ns3/codel-queue-disc.h
[ 750/2543] Compiling install-ns3-header: ns3/traffic-control-helper.h
[ 751/2543] Compiling install-ns3-header: ns3/traffic-control-layer.h
[ 752/2543] Compiling install-ns3-header: ns3/fifo-queue-disc.h
[ 753/2543] Compiling install-ns3-header: ns3/tbf-queue-disc.h
[ 754/2543] Compiling install-ns3-header: ns3/pfifo-fast-queue-disc.h
[ 755/2543] Compiling install-ns3-header: ns3/queue-disc-container.h
[ 756/2543] Compiling install-ns3-header: ns3/prio-queue-disc.h
[ 757/2543] Compiling install-ns3-header: ns3/red-queue-disc.h
[ 758/2543] Compiling install-ns3-header: ns3/queue-disc.h
[ 759/2543] Compiling install-ns3-header: ns3/cobalt-queue-disc.h
[ 760/2543] Compiling install-ns3-header: ns3/fq-codel-queue-disc.h
[ 761/2543] Compiling install-ns3-header: ns3/mq-queue-disc.h
[ 762/2543] Compiling install-ns3-header: ns3/uan-prop-model-thorp.h
[ 763/2543] Compiling install-ns3-header: ns3/uan-phy-gen.h
[ 764/2543] Compiling install-ns3-header: ns3/uan-tx-mode.h
[ 765/2543] Compiling install-ns3-header: ns3/uan-prop-model-ideal.h
[ 766/2543] Compiling install-ns3-header: ns3/uan-net-device.h
[ 767/2543] Compiling install-ns3-header: ns3/uan-helper.h
[ 768/2543] Compiling install-ns3-header: ns3/uan-mac-rc-gw.h
[ 769/2543] Compiling install-ns3-header: ns3/uan-noise-model-default.h
[ 770/2543] Compiling install-ns3-header: ns3/uan-channel.h
[ 771/2543] Compiling install-ns3-header: ns3/uan-mac-rc.h
[ 772/2543] Compiling install-ns3-header: ns3/uan-phy-dual.h
[ 773/2543] Compiling install-ns3-header: ns3/acoustic-modem-energy-model.h
[ 774/2543] Compiling install-ns3-header: ns3/uan-phy.h
[ 775/2543] Compiling install-ns3-header: ns3/uan-mac.h
[ 776/2543] Compiling install-ns3-header: ns3/uan-transducer-hd.h
[ 777/2543] Compiling install-ns3-header: ns3/uan-mac-cw.h
[ 778/2543] Compiling install-ns3-header: ns3/uan-mac-aloha.h
[ 779/2543] Compiling install-ns3-header: ns3/uan-transducer.h
[ 780/2543] Compiling install-ns3-header: ns3/uan-prop-model.h
[ 781/2543] Compiling install-ns3-header: ns3/uan-header-common.h
[ 782/2543] Compiling install-ns3-header: ns3/uan-header-rc.h
[ 783/2543] Compiling install-ns3-header: ns3/uan-noise-model.h
[ 784/2543] Compiling install-ns3-header: ns3/acoustic-modem-energy-model-helper.h
[ 785/2543] Compiling install-ns3-header: ns3/virtual-net-device.h
[ 786/2543] Compiling install-ns3-header: ns3/channel-coordinator.h
[ 787/2543] Compiling install-ns3-header: ns3/default-channel-scheduler.h
[ 788/2543] Compiling install-ns3-header: ns3/wave-frame-exchange-manager.h
[ 789/2543] Compiling install-ns3-header: ns3/vendor-specific-action.h
[ 790/2543] Compiling install-ns3-header: ns3/vsa-manager.h
[ 791/2543] Compiling install-ns3-header: ns3/wave-bsm-helper.h
[ 792/2543] Compiling install-ns3-header: ns3/channel-manager.h
[ 793/2543] Compiling install-ns3-header: ns3/wave-helper.h
[ 794/2543] Compiling install-ns3-header: ns3/channel-scheduler.h
[ 795/2543] Compiling install-ns3-header: ns3/bsm-application.h
[ 796/2543] Compiling install-ns3-header: ns3/ocb-wifi-mac.h
[ 797/2543] Compiling install-ns3-header: ns3/wave-mac-helper.h
[ 798/2543] Compiling install-ns3-header: ns3/higher-tx-tag.h
[ 799/2543] Compiling install-ns3-header: ns3/wave-bsm-stats.h
[ 800/2543] Compiling install-ns3-header: ns3/wave-net-device.h
[ 801/2543] Compiling install-ns3-header: ns3/wifi-80211p-helper.h
[ 802/2543] Compiling install-ns3-header: ns3/wifi-information-element.h
[ 803/2543] Compiling install-ns3-header: ns3/erp-ofdm-ppdu.h
[ 804/2543] Compiling install-ns3-header: ns3/he-frame-exchange-manager.h
[ 805/2543] Compiling install-ns3-header: ns3/wifi-ppdu.h
[ 806/2543] Compiling install-ns3-header: ns3/table-based-error-rate-model.h
[ 807/2543] Compiling install-ns3-header: ns3/ht-operation.h
[ 808/2543] Compiling install-ns3-header: ns3/wifi-phy-band.h
[ 809/2543] Compiling install-ns3-header: ns3/mpdu-aggregator.h
[ 810/2543] Compiling install-ns3-header: ns3/ht-ppdu.h
[ 811/2543] Compiling install-ns3-header: ns3/mac-rx-middle.h
[ 812/2543] Compiling install-ns3-header: ns3/phy-entity.h
[ 813/2543] Compiling install-ns3-header: ns3/wifi-default-protection-manager.h
[ 814/2543] Compiling install-ns3-header: ns3/wifi-remote-station-info.h
[ 815/2543] Compiling install-ns3-header: ns3/he-ru.h
[ 816/2543] Compiling install-ns3-header: ns3/originator-block-ack-agreement.h
[ 817/2543] Compiling install-ns3-header: ns3/wifi-spectrum-signal-parameters.h
[ 818/2543] Compiling install-ns3-header: ns3/wifi-mpdu-type.h
[ 819/2543] Compiling install-ns3-header: ns3/wifi-radio-energy-model.h
[ 820/2543] Compiling install-ns3-header: ns3/erp-information.h
[ 821/2543] Compiling install-ns3-header: ns3/wifi-protection-manager.h
[ 822/2543] Compiling install-ns3-header: ns3/simple-frame-capture-model.h
[ 823/2543] Compiling install-ns3-header: ns3/mgt-headers.h
[ 824/2543] Compiling install-ns3-header: ns3/qos-frame-exchange-manager.h
[ 825/2543] Compiling install-ns3-header: ns3/ap-wifi-mac.h
[ 826/2543] Compiling install-ns3-header: ns3/frame-capture-model.h
[ 827/2543] Compiling install-ns3-header: ns3/qos-blocked-destinations.h
[ 828/2543] Compiling install-ns3-header: ns3/yans-error-rate-model.h
[ 829/2543] Compiling install-ns3-header: ns3/ssid.h
[ 830/2543] Compiling install-ns3-header: ns3/wifi-psdu.h
[ 831/2543] Compiling install-ns3-header: ns3/regular-wifi-mac.h
[ 832/2543] Compiling install-ns3-header: ns3/onoe-wifi-manager.h
[ 833/2543] Compiling install-ns3-header: ns3/wifi-tx-parameters.h
[ 834/2543] Compiling install-ns3-header: ns3/error-rate-tables.h
[ 835/2543] Compiling install-ns3-header: ns3/vht-ppdu.h
[ 836/2543] Compiling install-ns3-header: ns3/wifi-acknowledgment.h
[ 837/2543] Compiling install-ns3-header: ns3/yans-wifi-phy.h
[ 838/2543] Compiling install-ns3-header: ns3/block-ack-type.h
[ 839/2543] Compiling install-ns3-header: ns3/recipient-block-ack-agreement.h
[ 840/2543] Compiling install-ns3-header: ns3/wifi-phy-common.h
[ 841/2543] Compiling install-ns3-header: ns3/msdu-aggregator.h
[ 842/2543] Compiling install-ns3-header: ns3/ofdm-ppdu.h
[ 843/2543] Compiling install-ns3-header: ns3/vht-frame-exchange-manager.h
[ 844/2543] Compiling install-ns3-header: ns3/ht-phy.h
[ 845/2543] Compiling install-ns3-header: ns3/threshold-preamble-detection-model.h
[ 846/2543] Compiling install-ns3-header: ns3/minstrel-wifi-manager.h
[ 847/2543] Compiling install-ns3-header: ns3/snr-tag.h
[ 848/2543] Compiling install-ns3-header: ns3/extended-capabilities.h
[ 849/2543] Compiling install-ns3-header: ns3/block-ack-agreement.h
[ 850/2543] Compiling install-ns3-header: ns3/dsss-ppdu.h
[ 851/2543] Compiling install-ns3-header: ns3/amsdu-subframe-header.h
[ 852/2543] Compiling install-ns3-header: ns3/channel-access-manager.h
[ 853/2543] Compiling install-ns3-header: ns3/block-ack-window.h
[ 854/2543] Compiling install-ns3-header: ns3/parf-wifi-manager.h
[ 855/2543] Compiling install-ns3-header: ns3/he-phy.h
[ 856/2543] Compiling install-ns3-header: ns3/wifi-tx-vector.h
[ 857/2543] Compiling install-ns3-header: ns3/cara-wifi-manager.h
[ 858/2543] Compiling install-ns3-header: ns3/dsss-phy.h
[ 859/2543] Compiling install-ns3-header: ns3/vht-phy.h
[ 860/2543] Compiling install-ns3-header: ns3/wifi-ack-manager.h
[ 861/2543] Compiling install-ns3-header: ns3/wifi-mode.h
[ 862/2543] Compiling install-ns3-header: ns3/wifi-utils.h
[ 863/2543] Compiling install-ns3-header: ns3/ctrl-headers.h
[ 864/2543] Compiling install-ns3-header: ns3/ofdm-phy.h
[ 865/2543] Compiling install-ns3-header: ns3/ht-capabilities.h
[ 866/2543] Compiling install-ns3-header: ns3/aarf-wifi-manager.h
[ 867/2543] Compiling install-ns3-header: ns3/wifi-default-ack-manager.h
[ 868/2543] Compiling install-ns3-header: ns3/vht-configuration.h
[ 869/2543] Compiling install-ns3-header: ns3/nist-error-rate-model.h
[ 870/2543] Compiling install-ns3-header: ns3/amrr-wifi-manager.h
[ 871/2543] Compiling install-ns3-header: ns3/edca-parameter-set.h
[ 872/2543] Compiling install-ns3-header: ns3/qos-txop.h
[ 873/2543] Compiling install-ns3-header: ns3/wifi-mac-queue.h
[ 874/2543] Compiling install-ns3-header: ns3/wifi-information-element-vector.h
[ 875/2543] Compiling install-ns3-header: ns3/ampdu-tag.h
[ 876/2543] Compiling install-ns3-header: ns3/mac-tx-middle.h
[ 877/2543] Compiling install-ns3-header: ns3/supported-rates.h
[ 878/2543] Compiling install-ns3-header: ns3/dsss-error-rate-model.h
[ 879/2543] Compiling install-ns3-header: ns3/athstats-helper.h
[ 880/2543] Compiling install-ns3-header: ns3/dsss-parameter-set.h
[ 881/2543] Compiling install-ns3-header: ns3/sta-wifi-mac.h
[ 882/2543] Compiling install-ns3-header: ns3/rraa-wifi-manager.h
[ 883/2543] Compiling install-ns3-header: ns3/wifi-mac-trailer.h
[ 884/2543] Compiling install-ns3-header: ns3/erp-ofdm-phy.h
[ 885/2543] Compiling install-ns3-header: ns3/he-configuration.h
[ 886/2543] Compiling install-ns3-header: ns3/wifi-mac-queue-item.h
[ 887/2543] Compiling install-ns3-header: ns3/wifi-tx-timer.h
[ 888/2543] Compiling install-ns3-header: ns3/wifi-mac.h
[ 889/2543] Compiling install-ns3-header: ns3/wifi-mac-helper.h
[ 890/2543] Compiling install-ns3-header: ns3/wifi-helper.h
[ 891/2543] Compiling install-ns3-header: ns3/wifi-standards.h
[ 892/2543] Compiling install-ns3-header: ns3/txop.h
[ 893/2543] Compiling install-ns3-header: ns3/constant-obss-pd-algorithm.h
[ 894/2543] Compiling install-ns3-header: ns3/spectrum-wifi-phy.h
[ 895/2543] Compiling install-ns3-header: ns3/vht-capabilities.h
[ 896/2543] Compiling install-ns3-header: ns3/aarfcd-wifi-manager.h
[ 897/2543] Compiling install-ns3-header: ns3/obss-pd-algorithm.h
[ 898/2543] Compiling install-ns3-header: ns3/interference-helper.h
[ 899/2543] Compiling install-ns3-header: ns3/spectrum-wifi-helper.h
[ 900/2543] Compiling install-ns3-header: ns3/qos-utils.h
[ 901/2543] Compiling install-ns3-header: ns3/minstrel-ht-wifi-manager.h
[ 902/2543] Compiling install-ns3-header: ns3/wifi-net-device.h
[ 903/2543] Compiling install-ns3-header: ns3/ht-configuration.h
[ 904/2543] Compiling install-ns3-header: ns3/wifi-radio-energy-model-helper.h
[ 905/2543] Compiling install-ns3-header: ns3/ampdu-subframe-header.h
[ 906/2543] Compiling install-ns3-header: ns3/wifi-phy-state.h
[ 907/2543] Compiling install-ns3-header: ns3/aparf-wifi-manager.h
[ 908/2543] Compiling install-ns3-header: ns3/ideal-wifi-manager.h
[ 909/2543] Compiling install-ns3-header: ns3/vht-operation.h
[ 910/2543] Compiling install-ns3-header: ns3/constant-rate-wifi-manager.h
[ 911/2543] Compiling install-ns3-header: ns3/error-rate-model.h
[ 912/2543] Compiling install-ns3-header: ns3/wifi-spectrum-phy-interface.h
[ 913/2543] Compiling install-ns3-header: ns3/frame-exchange-manager.h
[ 914/2543] Compiling install-ns3-header: ns3/wifi-phy-listener.h
[ 915/2543] Compiling install-ns3-header: ns3/yans-wifi-channel.h
[ 916/2543] Compiling install-ns3-header: ns3/wifi-tx-current-model.h
[ 917/2543] Compiling install-ns3-header: ns3/rrpaa-wifi-manager.h
[ 918/2543] Compiling install-ns3-header: ns3/he-ppdu.h
[ 919/2543] Compiling install-ns3-header: ns3/adhoc-wifi-mac.h
[ 920/2543] Compiling install-ns3-header: ns3/wifi-phy-state-helper.h
[ 921/2543] Compiling install-ns3-header: ns3/capability-information.h
[ 922/2543] Compiling install-ns3-header: ns3/wifi-mac-header.h
[ 923/2543] Compiling install-ns3-header: ns3/wifi-protection.h
[ 924/2543] Compiling install-ns3-header: ns3/yans-wifi-helper.h
[ 925/2543] Compiling install-ns3-header: ns3/status-code.h
[ 926/2543] Compiling install-ns3-header: ns3/arf-wifi-manager.h
[ 927/2543] Compiling install-ns3-header: ns3/ht-frame-exchange-manager.h
[ 928/2543] Compiling install-ns3-header: ns3/he-capabilities.h
[ 929/2543] Compiling install-ns3-header: ns3/preamble-detection-model.h
[ 930/2543] Compiling install-ns3-header: ns3/block-ack-manager.h
[ 931/2543] Compiling install-ns3-header: ns3/he-operation.h
[ 932/2543] Compiling install-ns3-header: ns3/wifi-remote-station-manager.h
[ 933/2543] Compiling install-ns3-header: ns3/wifi-phy.h
[ 934/2543] Compiling install-ns3-header: ns3/bs-net-device.h
[ 935/2543] Compiling install-ns3-header: ns3/bs-service-flow-manager.h
[ 936/2543] Compiling install-ns3-header: ns3/mac-messages.h
[ 937/2543] Compiling install-ns3-header: ns3/wimax-net-device.h
[ 938/2543] Compiling install-ns3-header: ns3/simple-ofdm-wimax-channel.h
[ 939/2543] Compiling install-ns3-header: ns3/snr-to-block-error-rate-record.h
[ 940/2543] Compiling install-ns3-header: ns3/service-flow-record.h
[ 941/2543] Compiling install-ns3-header: ns3/bs-uplink-scheduler-simple.h
[ 942/2543] Compiling install-ns3-header: ns3/ofdm-downlink-frame-prefix.h
[ 943/2543] Compiling install-ns3-header: ns3/bs-uplink-scheduler.h
[ 944/2543] Compiling install-ns3-header: ns3/dl-mac-messages.h
[ 945/2543] Compiling install-ns3-header: ns3/ss-net-device.h
[ 946/2543] Compiling install-ns3-header: ns3/simple-ofdm-send-param.h
[ 947/2543] Compiling install-ns3-header: ns3/bs-uplink-scheduler-mbqos.h
[ 948/2543] Compiling install-ns3-header: ns3/wimax-mac-header.h
[ 949/2543] Compiling install-ns3-header: ns3/bs-uplink-scheduler-rtps.h
[ 950/2543] Compiling install-ns3-header: ns3/connection-manager.h
[ 951/2543] Compiling install-ns3-header: ns3/wimax-helper.h
[ 952/2543] Compiling install-ns3-header: ns3/wimax-phy.h
[ 953/2543] Compiling install-ns3-header: ns3/bs-scheduler.h
[ 954/2543] Compiling install-ns3-header: ns3/service-flow-manager.h
[ 955/2543] Compiling install-ns3-header: ns3/ipcs-classifier.h
[ 956/2543] Compiling install-ns3-header: ns3/send-params.h
[ 957/2543] Compiling install-ns3-header: ns3/bs-scheduler-rtps.h
[ 958/2543] Compiling install-ns3-header: ns3/ss-record.h
[ 959/2543] Compiling install-ns3-header: ns3/wimax-mac-to-mac-header.h
[ 960/2543] Compiling install-ns3-header: ns3/cid.h
[ 961/2543] Compiling install-ns3-header: ns3/service-flow.h
[ 962/2543] Compiling install-ns3-header: ns3/ss-service-flow-manager.h
[ 963/2543] Compiling install-ns3-header: ns3/simple-ofdm-wimax-phy.h
[ 964/2543] Compiling install-ns3-header: ns3/bs-scheduler-simple.h
[ 965/2543] Compiling install-ns3-header: ns3/cs-parameters.h
[ 966/2543] Compiling install-ns3-header: ns3/ul-job.h
[ 967/2543] Compiling install-ns3-header: ns3/wimax-mac-queue.h
[ 968/2543] Compiling install-ns3-header: ns3/wimax-channel.h
[ 969/2543] Compiling install-ns3-header: ns3/ipcs-classifier-record.h
[ 970/2543] Compiling install-ns3-header: ns3/cid-factory.h
[ 971/2543] Compiling install-ns3-header: ns3/snr-to-block-error-rate-manager.h
[ 972/2543] Compiling install-ns3-header: ns3/ss-manager.h
[ 973/2543] Compiling install-ns3-header: ns3/crc8.h
[ 974/2543] Compiling install-ns3-header: ns3/wimax-tlv.h
[ 975/2543] Compiling install-ns3-header: ns3/ul-mac-messages.h
[ 976/2543] Compiling install-ns3-header: ns3/wimax-connection.h
[ 977/2543] Compiling install-ns3-header: ns3/bvec.h
[ 978/2543] Processing gen-module-header: ns3/wimax-module.h
[ 979/2543] Compiling src/core/model/unix-system-condition.cc
[ 980/2543] Compiling src/core/model/unix-fd-reader.cc
[ 981/2543] Compiling src/core/model/system-thread.cc
[ 982/2543] Compiling src/core/model/int64x64-128.cc
[ 983/2543] Compiling src/core/model/unix-system-wall-clock-ms.cc
[ 984/2543] Processing gen-module-header: ns3/antenna-module.h
[ 985/2543] Processing gen-module-header: ns3/aodv-module.h
[ 986/2543] Processing gen-module-header: ns3/applications-module.h
[ 987/2543] Processing gen-module-header: ns3/bridge-module.h
[ 988/2543] Processing gen-module-header: ns3/buildings-module.h
[ 989/2543] Processing gen-module-header: ns3/config-store-module.h
[ 990/2543] Processing gen-module-header: ns3/core-module.h
[ 991/2543] Processing gen-module-header: ns3/csma-module.h
[ 992/2543] Compiling gen-module-header: ns3/csma-layout-module.h
[ 993/2543] Processing gen-module-header: ns3/dsdv-module.h
[ 994/2543] Processing gen-module-header: ns3/dsr-module.h
[ 995/2543] Processing gen-module-header: ns3/energy-module.h
[ 996/2543] Processing gen-module-header: ns3/fd-net-device-module.h
[ 997/2543] Processing gen-module-header: ns3/flow-monitor-module.h
[ 998/2543] Processing gen-module-header: ns3/internet-module.h
[ 999/2543] Processing gen-module-header: ns3/internet-apps-module.h
[1000/2543] Processing gen-module-header: ns3/lr-wpan-module.h
[1001/2543] Processing gen-module-header: ns3/lte-module.h
[1002/2543] Processing gen-module-header: ns3/mesh-module.h
[1003/2543] Processing gen-module-header: ns3/mobility-module.h
[1004/2543] Compiling gen-module-header: ns3/netanim-module.h
[1005/2543] Processing gen-module-header: ns3/network-module.h
[1006/2543] Processing gen-module-header: ns3/nix-vector-routing-module.h
[1007/2543] Processing gen-module-header: ns3/olsr-module.h
[1008/2543] Processing gen-module-header: ns3/point-to-point-module.h
[1009/2543] Processing gen-module-header: ns3/point-to-point-layout-module.h
[1010/2543] Processing gen-module-header: ns3/propagation-module.h
[1011/2543] Processing gen-module-header: ns3/psc-module.h
[1012/2543] Processing gen-module-header: ns3/sixlowpan-module.h
[1013/2543] Processing gen-module-header: ns3/spectrum-module.h
[1014/2543] Processing gen-module-header: ns3/stats-module.h
[1015/2543] Processing gen-module-header: ns3/topology-read-module.h
[1016/2543] Processing gen-module-header: ns3/traffic-control-module.h
[1017/2543] Processing gen-module-header: ns3/uan-module.h
[1018/2543] Compiling gen-module-header: ns3/virtual-net-device-module.h
[1019/2543] Processing gen-module-header: ns3/wave-module.h
[1020/2543] Processing gen-module-header: ns3/wifi-module.h
[1021/2543] Compiling src/core/model/example-as-test.cc
[1022/2543] Compiling src/core/model/length.cc
[1023/2543] Compiling src/core/model/node-printer.cc
[1024/2543] Compiling src/core/model/hash-function.cc
[1025/2543] Compiling src/core/model/system-path.cc
[1026/2543] Compiling src/core/model/vector.cc
[1027/2543] Compiling src/core/model/names.cc
[1028/2543] Compiling src/core/model/callback.cc
[1029/2543] Compiling src/core/model/config.cc
[1030/2543] Compiling src/core/model/trace-source-accessor.cc
[1031/2543] Compiling src/core/model/global-value.cc
[1032/2543] Compiling src/core/model/object-ptr-container.cc
[1033/2543] Compiling src/core/model/object-factory.cc
[1034/2543] Compiling src/core/model/pointer.cc
[1035/2543] Compiling src/core/model/int64x64.cc
[1036/2543] Compiling src/core/model/string.cc
[1037/2543] Compiling src/core/model/double.cc
[1038/2543] Compiling src/core/model/enum.cc
[1039/2543] Compiling src/core/model/uinteger.cc
[1040/2543] Compiling src/core/model/integer.cc
[1041/2543] Compiling src/core/model/command-line.cc
[1042/2543] Compiling src/core/model/rng-seed-manager.cc
[1043/2543] Compiling src/core/model/type-name.cc
[1044/2543] Compiling src/core/model/rng-stream.cc
[1045/2543] Compiling src/core/model/random-variable-stream.cc
[1046/2543] Compiling src/core/model/test.cc
[1047/2543] Compiling src/core/model/ref-count-base.cc
[1048/2543] Compiling src/core/helper/event-garbage-collector.cc
[1049/2543] Compiling src/core/model/trickle-timer.cc
[1050/2543] Compiling src/core/helper/random-variable-stream-helper.cc
[1051/2543] Compiling src/core/model/object-base.cc
[1052/2543] Compiling src/core/model/boolean.cc
[1053/2543] Compiling src/core/model/object.cc
[1054/2543] Compiling src/core/model/attribute-construction-list.cc
[1055/2543] Compiling src/core/model/attribute.cc
[1056/2543] Compiling src/core/model/type-id.cc
[1057/2543] Compiling src/core/model/breakpoint.cc
[1058/2543] Compiling src/core/model/log.cc
[1059/2543] Compiling src/core/model/make-event.cc
[1060/2543] Compiling src/core/model/synchronizer.cc
[1061/2543] Compiling src/core/model/watchdog.cc
[1062/2543] Compiling src/core/model/timer.cc
[1063/2543] Compiling src/core/model/default-simulator-impl.cc
[1064/2543] Compiling src/core/model/simulator-impl.cc
[1065/2543] Compiling src/core/model/simulator.cc
[1066/2543] Compiling src/core/model/event-impl.cc
[1067/2543] Compiling src/core/model/priority-queue-scheduler.cc
[1068/2543] Compiling src/core/model/calendar-scheduler.cc
[1069/2543] Compiling src/core/model/heap-scheduler.cc
[1070/2543] Compiling src/core/model/map-scheduler.cc
[1071/2543] Compiling src/core/model/list-scheduler.cc
[1072/2543] Compiling src/core/model/scheduler.cc
[1073/2543] Compiling src/core/model/event-id.cc
[1074/2543] Compiling src/core/model/time.cc
[1075/2543] Compiling src/core/model/fatal-impl.cc
[1076/2543] Compiling src/core/model/show-progress.cc
[1077/2543] Compiling src/core/model/hash-murmur3.cc
[1078/2543] Compiling src/core/model/hash-fnv.cc
[1079/2543] Compiling src/core/helper/csv-reader.cc
[1080/2543] Compiling src/core/model/unix-system-mutex.cc
[1081/2543] Compiling src/core/model/ascii-file.cc
[1082/2543] Compiling src/core/model/des-metrics.cc
[1083/2543] Compiling src/core/model/time-printer.cc
[1084/2543] Compiling src/core/model/hash.cc
[1085/2543] Compiling src/core/model/system-wall-clock-timestamp.cc
[1086/2543] Compiling src/stats/model/sqlite-output.cc
[1087/2543] Compiling src/stats/model/histogram.cc
[1088/2543] Compiling src/stats/model/data-collection-object.cc
[1089/2543] Compiling src/stats/model/data-calculator.cc
[1090/2543] Compiling src/stats/model/data-output-interface.cc
[1091/2543] Linking build/lib/libns3-dev-core-debug.dylib
[1092/2543] Compiling src/stats/helper/file-helper.cc
[1093/2543] Compiling src/stats/model/uinteger-32-probe.cc
[1094/2543] Compiling src/stats/model/get-wildcard-matches.cc
[1095/2543] Compiling src/stats/model/uinteger-16-probe.cc
[1096/2543] Compiling src/stats/model/double-probe.cc
[1097/2543] Compiling src/stats/model/time-data-calculators.cc
[1098/2543] Compiling src/stats/model/gnuplot.cc
[1099/2543] Compiling src/stats/model/sqlite-data-output.cc
[1100/2543] Compiling src/stats/model/gnuplot-aggregator.cc
[1101/2543] Compiling src/stats/model/time-series-adaptor.cc
[1102/2543] Compiling src/stats/model/file-aggregator.cc
[1103/2543] Compiling src/stats/helper/gnuplot-helper.cc
[1104/2543] Compiling src/stats/model/boolean-probe.cc
[1105/2543] Compiling src/stats/model/omnet-data-output.cc
[1106/2543] Compiling src/stats/model/time-probe.cc
[1107/2543] Compiling src/stats/model/uinteger-8-probe.cc
[1108/2543] Compiling src/stats/model/data-collector.cc
[1109/2543] Compiling src/stats/model/probe.cc
[1110/2543] Compiling src/network/utils/packet-probe.cc
[1111/2543] Compiling src/network/utils/sll-header.cc
[1112/2543] Compiling src/network/utils/queue.cc
[1113/2543] Compiling src/network/helper/simple-net-device-helper.cc
[1114/2543] Compiling src/network/helper/packet-socket-helper.cc
[1115/2543] Linking build/lib/libns3-dev-stats-debug.dylib
[1116/2543] Compiling src/network/helper/application-container.cc
[1117/2543] Compiling src/network/helper/delay-jitter-estimation.cc
[1118/2543] Compiling src/network/utils/packet-socket-server.cc
[1119/2543] Compiling src/network/utils/mac8-address.cc
[1120/2543] Compiling src/network/utils/packet-data-calculators.cc
[1121/2543] Compiling src/network/utils/error-model.cc
[1122/2543] Compiling src/network/utils/queue-limits.cc
[1123/2543] Compiling src/network/utils/data-rate.cc
[1124/2543] Compiling src/network/utils/queue-item.cc
[1125/2543] Compiling src/network/model/tag-buffer.cc
[1126/2543] Compiling src/network/utils/pcap-file-wrapper.cc
[1127/2543] Compiling src/network/utils/pcap-file.cc
[1128/2543] Compiling src/network/utils/packet-socket-factory.cc
[1129/2543] Compiling src/network/utils/packet-socket.cc
[1130/2543] Compiling src/network/utils/packet-burst.cc
[1131/2543] Compiling src/network/utils/packetbb.cc
[1132/2543] Compiling src/network/utils/llc-snap-header.cc
[1133/2543] Compiling src/network/utils/mac64-address.cc
[1134/2543] Compiling src/network/utils/mac48-address.cc
[1135/2543] Compiling src/network/utils/ipv6-address.cc
[1136/2543] Compiling src/network/utils/inet6-socket-address.cc
[1137/2543] Compiling src/network/utils/ipv4-address.cc
[1138/2543] Compiling src/network/utils/flow-id-tag.cc
[1139/2543] Compiling src/network/utils/ethernet-trailer.cc
[1140/2543] Compiling src/network/utils/ethernet-header.cc
[1141/2543] Compiling src/network/utils/error-channel.cc
[1142/2543] Compiling src/network/utils/dynamic-queue-limits.cc
[1143/2543] Compiling src/network/utils/drop-tail-queue.cc
[1144/2543] Compiling src/network/utils/crc32.cc
[1145/2543] Compiling src/network/utils/address-utils.cc
[1146/2543] Compiling src/network/model/trailer.cc
[1147/2543] Compiling src/network/utils/queue-size.cc
[1148/2543] Compiling src/network/utils/simple-channel.cc
[1149/2543] Compiling src/network/model/socket.cc
[1150/2543] Compiling src/network/model/packet-tag-list.cc
[1151/2543] Compiling src/network/model/packet-metadata.cc
[1152/2543] Compiling src/network/model/packet.cc
[1153/2543] Compiling src/network/model/net-device.cc
[1154/2543] Compiling src/network/model/node.cc
[1155/2543] Compiling src/network/model/nix-vector.cc
[1156/2543] Compiling src/network/model/header.cc
[1157/2543] Compiling src/network/model/channel-list.cc
[1158/2543] Compiling src/network/model/channel.cc
[1159/2543] Compiling src/network/model/byte-tag-list.cc
[1160/2543] Compiling src/network/model/application.cc
[1161/2543] Compiling src/network/model/address.cc
[1162/2543] Compiling src/network/model/tag.cc
[1163/2543] Compiling src/network/model/node-list.cc
[1164/2543] Compiling src/network/model/socket-factory.cc
[1165/2543] Compiling src/network/model/chunk.cc
[1166/2543] Compiling src/network/model/buffer.cc
[1167/2543] Compiling src/network/utils/mac16-address.cc
[1168/2543] Compiling src/network/helper/node-container.cc
[1169/2543] Compiling src/network/utils/radiotap-header.cc
[1170/2543] Compiling src/network/utils/net-device-queue-interface.cc
[1171/2543] Compiling src/network/helper/trace-helper.cc
[1172/2543] Compiling src/network/utils/simple-net-device.cc
[1173/2543] Compiling src/network/utils/packet-socket-client.cc
[1174/2543] Compiling src/network/utils/output-stream-wrapper.cc
[1175/2543] Compiling src/network/utils/packet-socket-address.cc
[1176/2543] Compiling src/network/helper/net-device-container.cc
[1177/2543] Compiling src/network/utils/inet-socket-address.cc
[1178/2543] Compiling src/mobility/model/random-walk-2d-mobility-model.cc
[1179/2543] Compiling src/mobility/model/mobility-model.cc
[1180/2543] Compiling src/mobility/helper/ns2-mobility-helper.cc
[1181/2543] Compiling src/mobility/model/constant-velocity-mobility-model.cc
[1182/2543] Compiling src/mobility/model/constant-velocity-helper.cc
[1183/2543] Linking build/lib/libns3-dev-network-debug.dylib
[1184/2543] Compiling src/mobility/model/constant-acceleration-mobility-model.cc
[1185/2543] Compiling src/mobility/model/box.cc
[1186/2543] Compiling src/mobility/model/hierarchical-mobility-model.cc
[1187/2543] Compiling src/mobility/model/random-direction-2d-mobility-model.cc
[1188/2543] Compiling src/mobility/helper/mobility-helper.cc
[1189/2543] Compiling src/mobility/model/waypoint.cc
[1190/2543] Compiling src/mobility/model/waypoint-mobility-model.cc
[1191/2543] Compiling src/mobility/model/constant-position-mobility-model.cc
[1192/2543] Compiling src/mobility/model/steady-state-random-waypoint-mobility-model.cc
[1193/2543] Compiling src/mobility/model/gauss-markov-mobility-model.cc
[1194/2543] Compiling src/mobility/model/random-waypoint-mobility-model.cc
[1195/2543] Compiling src/mobility/model/rectangle.cc
[1196/2543] Compiling src/mobility/model/geographic-positions.cc
[1197/2543] Compiling src/mobility/model/position-allocator.cc
[1198/2543] Compiling src/bridge/helper/bridge-helper.cc
[1199/2543] Compiling src/bridge/model/bridge-net-device.cc
[1200/2543] Compiling src/bridge/model/bridge-channel.cc
[1201/2543] Compiling src/traffic-control/model/tbf-queue-disc.cc
[1202/2543] Compiling src/traffic-control/model/packet-filter.cc
[1203/2543] Compiling src/traffic-control/model/red-queue-disc.cc
[1204/2543] Linking build/lib/libns3-dev-mobility-debug.dylib
[1205/2543] Compiling src/traffic-control/model/traffic-control-layer.cc
[1206/2543] Linking build/lib/libns3-dev-bridge-debug.dylib
[1207/2543] Compiling src/traffic-control/model/cobalt-queue-disc.cc
[1208/2543] Compiling src/traffic-control/model/fifo-queue-disc.cc
[1209/2543] Compiling src/traffic-control/helper/traffic-control-helper.cc
[1210/2543] Compiling src/traffic-control/model/codel-queue-disc.cc
[1211/2543] Compiling src/traffic-control/helper/queue-disc-container.cc
[1212/2543] Compiling src/traffic-control/model/fq-codel-queue-disc.cc
[1213/2543] Compiling src/traffic-control/model/queue-disc.cc
[1214/2543] Compiling src/traffic-control/model/pie-queue-disc.cc
[1215/2543] Compiling src/traffic-control/model/prio-queue-disc.cc
[1216/2543] Compiling src/traffic-control/model/pfifo-fast-queue-disc.cc
[1217/2543] Compiling src/traffic-control/model/mq-queue-disc.cc
[1218/2543] Compiling src/propagation/model/okumura-hata-propagation-loss-model.cc
[1219/2543] Compiling src/propagation/model/channel-condition-model.cc
[1220/2543] Compiling src/propagation/model/probabilistic-v2v-channel-condition-model.cc
[1221/2543] Compiling src/propagation/model/three-gpp-propagation-loss-model.cc
[1222/2543] Compiling src/propagation/model/itu-r-1411-nlos-over-rooftop-propagation-loss-model.cc
[1223/2543] Compiling src/propagation/model/three-gpp-v2v-propagation-loss-model.cc
[1224/2543] Compiling src/propagation/model/jakes-process.cc
[1225/2543] Linking build/lib/libns3-dev-traffic-control-debug.dylib
[1226/2543] Compiling src/propagation/model/kun-2600-mhz-propagation-loss-model.cc
[1227/2543] Compiling src/propagation/model/itu-r-1411-los-propagation-loss-model.cc
[1228/2543] Compiling src/propagation/model/propagation-loss-model.cc
[1229/2543] Compiling src/propagation/model/cost231-propagation-loss-model.cc
[1230/2543] Compiling src/propagation/model/propagation-delay-model.cc
[1231/2543] Compiling src/propagation/model/jakes-propagation-loss-model.cc
[1232/2543] Compiling src/antenna/model/three-gpp-antenna-array-model.cc
[1233/2543] Compiling src/antenna/model/parabolic-antenna-model.cc
[1234/2543] Compiling src/antenna/model/cosine-antenna-model.cc
[1235/2543] Compiling src/antenna/model/antenna-model.cc
[1236/2543] Compiling src/antenna/model/isotropic-antenna-model.cc
[1237/2543] Linking build/lib/libns3-dev-propagation-debug.dylib
[1238/2543] Compiling src/antenna/model/angles.cc
[1239/2543] Compiling src/internet/model/udp-socket.cc
[1240/2543] Compiling src/internet/model/tcp-option-sack-permitted.cc
[1241/2543] Compiling src/internet/model/ipv4-address-generator.cc
[1242/2543] Compiling src/internet/model/tcp-rate-ops.cc
[1243/2543] Compiling src/internet/model/tcp-tx-item.cc
[1244/2543] Linking build/lib/libns3-dev-antenna-debug.dylib
[1245/2543] Compiling src/internet/model/tcp-westwood.cc
[1246/2543] Compiling src/internet/model/tcp-rx-buffer.cc
[1247/2543] Compiling src/internet/model/icmpv6-header.cc
[1248/2543] Compiling src/internet/model/ipv4-queue-disc-item.cc
[1249/2543] Compiling src/internet/model/ipv6-interface.cc
[1250/2543] Compiling src/internet/model/ndisc-cache.cc
[1251/2543] Compiling src/internet/model/loopback-net-device.cc
[1252/2543] Compiling src/internet/model/icmpv4-l4-protocol.cc
[1253/2543] Compiling src/internet/model/icmpv4.cc
[1254/2543] Compiling src/internet/model/ipv4-raw-socket-impl.cc
[1255/2543] Compiling src/internet/model/ipv4-raw-socket-factory-impl.cc
[1256/2543] Compiling src/internet/model/rtt-estimator.cc
[1257/2543] Compiling src/internet/model/pending-data.cc
[1258/2543] Compiling src/internet/model/tcp-socket-factory-impl.cc
[1259/2543] Compiling src/internet/model/ipv4-end-point-demux.cc
[1260/2543] Compiling src/internet/model/udp-socket-factory-impl.cc
[1261/2543] Compiling src/internet/model/udp-socket-impl.cc
[1262/2543] Compiling src/internet/model/arp-queue-disc-item.cc
[1263/2543] Compiling src/internet/model/arp-l3-protocol.cc
[1264/2543] Compiling src/internet/model/arp-cache.cc
[1265/2543] Compiling src/internet/model/arp-header.cc
